<?xml version="1.0" encoding="utf-8"?>
<!DOCTYPE coverage SYSTEM "http://cobertura.sourceforge.net/xml/coverage-04.dtd">
<coverage line-rate="0.641221374045801" branch-rate="0" lines-covered="84" lines-valid="131" branches-covered="0" branches-valid="4" complexity="32" version="0" timestamp="1672748032">
  <sources>
    <source>C:\Users\Dell\</source>
  </sources>
  <packages>
    <package name="Petzey.ProfileView.API" line-rate="0.25" branch-rate="0" complexity="9">
      <classes>
        <class name="Petzey.ProfileView.API.Controllers.ProfileVController" filename="C:\Users\Dell\source\repos\Petzey.ProfileView.API\Petzey.ProfileView.API\Controllers\ProfileVController.cs" line-rate="0.583333333333333" branch-rate="0" complexity="5">
          <methods>
            <method name="GetProfile" signature="()" line-rate="1" branch-rate="1" complexity="1">
              <lines>
                <line number="25" hits="1" branch="false" />
                <line number="26" hits="1" branch="false" />
                <line number="27" hits="1" branch="false" />
              </lines>
            </method>
            <method name="ViewProfiles" signature="(...)" line-rate="0.666666666666667" branch-rate="1" complexity="1">
              <lines>
                <line number="44" hits="1" branch="false" />
                <line number="46" hits="1" branch="false" />
                <line number="47" hits="1" branch="false" />
                <line number="51" hits="1" branch="false" />
                <line number="52" hits="1" branch="false" />
                <line number="54" hits="0" branch="false" />
                <line number="55" hits="0" branch="false" />
                <line number="56" hits="0" branch="false" />
                <line number="58" hits="1" branch="false" />
              </lines>
            </method>
            <method name="PutProfiles" signature="(...)" line-rate="0" branch-rate="0" complexity="2">
              <lines>
                <line number="62" hits="0" branch="false" />
                <line number="63" hits="0" branch="true" condition-coverage="0% (0/2)" />
                <line number="64" hits="0" branch="false" />
                <line number="65" hits="0" branch="false" />
                <line number="67" hits="0" branch="false" />
                <line number="69" hits="0" branch="false" />
                <line number="70" hits="0" branch="false" />
              </lines>
            </method>
            <method name=".ctor" signature="()" line-rate="1" branch-rate="1" complexity="1">
              <lines>
                <line number="17" hits="2" branch="false" />
                <line number="18" hits="2" branch="false" />
                <line number="19" hits="2" branch="false" />
                <line number="21" hits="2" branch="false" />
                <line number="22" hits="2" branch="false" />
              </lines>
            </method>
          </methods>
          <lines>
            <line number="17" hits="2" branch="false" />
            <line number="18" hits="2" branch="false" />
            <line number="19" hits="2" branch="false" />
            <line number="21" hits="2" branch="false" />
            <line number="22" hits="2" branch="false" />
            <line number="25" hits="1" branch="false" />
            <line number="26" hits="1" branch="false" />
            <line number="27" hits="1" branch="false" />
            <line number="44" hits="1" branch="false" />
            <line number="46" hits="1" branch="false" />
            <line number="47" hits="1" branch="false" />
            <line number="51" hits="1" branch="false" />
            <line number="52" hits="1" branch="false" />
            <line number="54" hits="0" branch="false" />
            <line number="55" hits="0" branch="false" />
            <line number="56" hits="0" branch="false" />
            <line number="58" hits="1" branch="false" />
            <line number="62" hits="0" branch="false" />
            <line number="63" hits="0" branch="true" condition-coverage="0% (0/2)" />
            <line number="64" hits="0" branch="false" />
            <line number="65" hits="0" branch="false" />
            <line number="67" hits="0" branch="false" />
            <line number="69" hits="0" branch="false" />
            <line number="70" hits="0" branch="false" />
          </lines>
        </class>
        <class name="Petzey.ProfileView.API.Controllers.ProfileViewDtoController" filename="C:\Users\Dell\source\repos\Petzey.ProfileView.API\Petzey.ProfileView.API\Controllers\ProfileViewDtoController.cs" line-rate="0" branch-rate="1" complexity="2">
          <methods>
            <method name="ViewProfiles" signature="(...)" line-rate="0" branch-rate="1" complexity="1">
              <lines>
                <line number="22" hits="0" branch="false" />
                <line number="24" hits="0" branch="false" />
                <line number="25" hits="0" branch="false" />
                <line number="29" hits="0" branch="false" />
                <line number="30" hits="0" branch="false" />
                <line number="32" hits="0" branch="false" />
                <line number="33" hits="0" branch="false" />
                <line number="34" hits="0" branch="false" />
                <line number="36" hits="0" branch="false" />
              </lines>
            </method>
            <method name=".ctor" signature="()" line-rate="0" branch-rate="1" complexity="1">
              <lines>
                <line number="14" hits="0" branch="false" />
                <line number="15" hits="0" branch="false" />
                <line number="16" hits="0" branch="false" />
                <line number="18" hits="0" branch="false" />
              </lines>
            </method>
          </methods>
          <lines>
            <line number="14" hits="0" branch="false" />
            <line number="15" hits="0" branch="false" />
            <line number="16" hits="0" branch="false" />
            <line number="18" hits="0" branch="false" />
            <line number="22" hits="0" branch="false" />
            <line number="24" hits="0" branch="false" />
            <line number="25" hits="0" branch="false" />
            <line number="29" hits="0" branch="false" />
            <line number="30" hits="0" branch="false" />
            <line number="32" hits="0" branch="false" />
            <line number="33" hits="0" branch="false" />
            <line number="34" hits="0" branch="false" />
            <line number="36" hits="0" branch="false" />
          </lines>
        </class>
        <class name="PetZeyy.Appointment.API.Program" filename="C:\Users\Dell\source\repos\Petzey.ProfileView.API\Petzey.ProfileView.API\Program.cs" line-rate="0" branch-rate="0" complexity="2">
          <methods>
            <method name="Main" signature="(...)" line-rate="0" branch-rate="0" complexity="2">
              <lines>
                <line number="11" hits="0" branch="false" />
                <line number="12" hits="0" branch="false" />
                <line number="15" hits="0" branch="false" />
                <line number="16" hits="0" branch="false" />
                <line number="18" hits="0" branch="false" />
                <line number="20" hits="0" branch="false" />
                <line number="21" hits="0" branch="false" />
                <line number="23" hits="0" branch="false" />
                <line number="26" hits="0" branch="true" condition-coverage="0% (0/2)" />
                <line number="27" hits="0" branch="false" />
                <line number="28" hits="0" branch="false" />
                <line number="29" hits="0" branch="false" />
                <line number="30" hits="0" branch="false" />
                <line number="32" hits="0" branch="false" />
                <line number="34" hits="0" branch="false" />
                <line number="35" hits="0" branch="false" />
                <line number="38" hits="0" branch="false" />
                <line number="40" hits="0" branch="false" />
                <line number="41" hits="0" branch="false" />
              </lines>
            </method>
          </methods>
          <lines>
            <line number="11" hits="0" branch="false" />
            <line number="12" hits="0" branch="false" />
            <line number="15" hits="0" branch="false" />
            <line number="16" hits="0" branch="false" />
            <line number="18" hits="0" branch="false" />
            <line number="20" hits="0" branch="false" />
            <line number="21" hits="0" branch="false" />
            <line number="23" hits="0" branch="false" />
            <line number="26" hits="0" branch="true" condition-coverage="0% (0/2)" />
            <line number="27" hits="0" branch="false" />
            <line number="28" hits="0" branch="false" />
            <line number="29" hits="0" branch="false" />
            <line number="30" hits="0" branch="false" />
            <line number="32" hits="0" branch="false" />
            <line number="34" hits="0" branch="false" />
            <line number="35" hits="0" branch="false" />
            <line number="38" hits="0" branch="false" />
            <line number="40" hits="0" branch="false" />
            <line number="41" hits="0" branch="false" />
          </lines>
        </class>
      </classes>
    </package>
    <package name="Petzey.ProfileView.APITests" line-rate="0.96551724137931" branch-rate="1" complexity="4">
      <classes>
        <class name="AutoGeneratedProgram" filename="C:\Users\Dell\.nuget\packages\microsoft.net.test.sdk\17.3.2\build\netcoreapp2.1\Microsoft.NET.Test.Sdk.Program.cs" line-rate="0" branch-rate="1" complexity="1">
          <methods>
            <method name="Main" signature="(...)" line-rate="0" branch-rate="1" complexity="1">
              <lines>
                <line number="4" hits="0" branch="false" />
              </lines>
            </method>
          </methods>
          <lines>
            <line number="4" hits="0" branch="false" />
          </lines>
        </class>
        <class name="Petzey.ProfileView.API.Controllers.Tests.ProfileVControllerTests" filename="C:\Users\Dell\source\repos\Petzey.ProfileView.API\Petzey.ProfileView.APITests\Controllers\ProfileVControllerTests.cs" line-rate="1" branch-rate="1" complexity="3">
          <methods>
            <method name="GetProfileViewIdTest" signature="()" line-rate="1" branch-rate="1" complexity="1">
              <lines>
                <line number="18" hits="1" branch="false" />
                <line number="19" hits="1" branch="false" />
                <line number="20" hits="1" branch="false" />
                <line number="21" hits="1" branch="false" />
                <line number="22" hits="1" branch="false" />
                <line number="23" hits="1" branch="false" />
                <line number="24" hits="1" branch="false" />
                <line number="25" hits="1" branch="false" />
              </lines>
            </method>
            <method name="GetProfileView" signature="()" line-rate="1" branch-rate="1" complexity="1">
              <lines>
                <line number="28" hits="1" branch="false" />
                <line number="30" hits="1" branch="false" />
                <line number="31" hits="1" branch="false" />
                <line number="33" hits="1" branch="false" />
              </lines>
            </method>
            <method name="UpdateProfileTest" signature="()" line-rate="1" branch-rate="1" complexity="1">
              <lines>
                <line number="36" hits="1" branch="false" />
                <line number="38" hits="1" branch="false" />
                <line number="39" hits="1" branch="false" />
                <line number="41" hits="1" branch="false" />
                <line number="42" hits="1" branch="false" />
                <line number="43" hits="1" branch="false" />
                <line number="44" hits="1" branch="false" />
                <line number="45" hits="1" branch="false" />
                <line number="46" hits="1" branch="false" />
                <line number="47" hits="1" branch="false" />
                <line number="48" hits="1" branch="false" />
                <line number="49" hits="1" branch="false" />
                <line number="50" hits="1" branch="false" />
                <line number="51" hits="1" branch="false" />
                <line number="52" hits="1" branch="false" />
                <line number="53" hits="1" branch="false" />
              </lines>
            </method>
          </methods>
          <lines>
            <line number="18" hits="1" branch="false" />
            <line number="19" hits="1" branch="false" />
            <line number="20" hits="1" branch="false" />
            <line number="21" hits="1" branch="false" />
            <line number="22" hits="1" branch="false" />
            <line number="23" hits="1" branch="false" />
            <line number="24" hits="1" branch="false" />
            <line number="25" hits="1" branch="false" />
            <line number="28" hits="1" branch="false" />
            <line number="30" hits="1" branch="false" />
            <line number="31" hits="1" branch="false" />
            <line number="33" hits="1" branch="false" />
            <line number="36" hits="1" branch="false" />
            <line number="38" hits="1" branch="false" />
            <line number="39" hits="1" branch="false" />
            <line number="41" hits="1" branch="false" />
            <line number="42" hits="1" branch="false" />
            <line number="43" hits="1" branch="false" />
            <line number="44" hits="1" branch="false" />
            <line number="45" hits="1" branch="false" />
            <line number="46" hits="1" branch="false" />
            <line number="47" hits="1" branch="false" />
            <line number="48" hits="1" branch="false" />
            <line number="49" hits="1" branch="false" />
            <line number="50" hits="1" branch="false" />
            <line number="51" hits="1" branch="false" />
            <line number="52" hits="1" branch="false" />
            <line number="53" hits="1" branch="false" />
          </lines>
        </class>
      </classes>
    </package>
    <package name="Petzey.ProfileView.Data" line-rate="0.733333333333333" branch-rate="1" complexity="6">
      <classes>
        <class name="Petzey.ProfileView.Data.DataAcess.ProfileViewsDbContext" filename="C:\Users\Dell\source\repos\Petzey.ProfileView.API\Petzey.ProfileView.Data\DataAcess\ProfileViewsDbContext.cs" line-rate="1" branch-rate="1" complexity="2">
          <methods>
            <method name="OnConfiguring" signature="(...)" line-rate="1" branch-rate="1" complexity="1">
              <lines>
                <line number="14" hits="2" branch="false" />
                <line number="15" hits="2" branch="false" />
                <line number="16" hits="2" branch="false" />
              </lines>
            </method>
            <method name="get_Profiles" signature="()" line-rate="1" branch-rate="1" complexity="1">
              <lines>
                <line number="17" hits="6" branch="false" />
              </lines>
            </method>
          </methods>
          <lines>
            <line number="14" hits="2" branch="false" />
            <line number="15" hits="2" branch="false" />
            <line number="16" hits="2" branch="false" />
            <line number="17" hits="6" branch="false" />
          </lines>
        </class>
        <class name="Petzey.ProfileView.Data.Repository.ProfileViewRepository" filename="C:\Users\Dell\source\repos\Petzey.ProfileView.API\Petzey.ProfileView.Data\Repository\ProfileViewRepository.cs" line-rate="0.636363636363636" branch-rate="1" complexity="4">
          <methods>
            <method name="GetProfileById" signature="(...)" line-rate="1" branch-rate="1" complexity="1">
              <lines>
                <line number="18" hits="1" branch="false" />
                <line number="19" hits="1" branch="false" />
                <line number="20" hits="1" branch="false" />
              </lines>
            </method>
            <method name="UpdateProfile" signature="(...)" line-rate="0" branch-rate="1" complexity="1">
              <lines>
                <line number="23" hits="0" branch="false" />
                <line number="24" hits="0" branch="false" />
                <line number="25" hits="0" branch="false" />
                <line number="26" hits="0" branch="false" />
              </lines>
            </method>
            <method name="GetProfileView" signature="()" line-rate="1" branch-rate="1" complexity="1">
              <lines>
                <line number="34" hits="1" branch="false" />
                <line number="35" hits="1" branch="false" />
                <line number="36" hits="1" branch="false" />
              </lines>
            </method>
            <method name=".ctor" signature="()" line-rate="1" branch-rate="1" complexity="1">
              <lines>
                <line number="16" hits="4" branch="false" />
              </lines>
            </method>
          </methods>
          <lines>
            <line number="16" hits="4" branch="false" />
            <line number="18" hits="1" branch="false" />
            <line number="19" hits="1" branch="false" />
            <line number="20" hits="1" branch="false" />
            <line number="23" hits="0" branch="false" />
            <line number="24" hits="0" branch="false" />
            <line number="25" hits="0" branch="false" />
            <line number="26" hits="0" branch="false" />
            <line number="34" hits="1" branch="false" />
            <line number="35" hits="1" branch="false" />
            <line number="36" hits="1" branch="false" />
          </lines>
        </class>
      </classes>
    </package>
    <package name="Petzey.ProfileView.Domain" line-rate="1" branch-rate="1" complexity="5">
      <classes>
        <class name="Petzey.ProfileView.Domain.Entities.ProfileViews" filename="C:\Users\Dell\source\repos\Petzey.ProfileView.API\Petzey.ProfileView.Domain\Entities\ProfileViews.cs" line-rate="1" branch-rate="1" complexity="5">
          <methods>
            <method name="get_Id" signature="()" line-rate="1" branch-rate="1" complexity="1">
              <lines>
                <line number="13" hits="4" branch="false" />
              </lines>
            </method>
            <method name="get_Name" signature="()" line-rate="1" branch-rate="1" complexity="1">
              <lines>
                <line number="14" hits="2" branch="false" />
              </lines>
            </method>
            <method name="get_Mobile" signature="()" line-rate="1" branch-rate="1" complexity="1">
              <lines>
                <line number="15" hits="2" branch="false" />
              </lines>
            </method>
            <method name="get_Location" signature="()" line-rate="1" branch-rate="1" complexity="1">
              <lines>
                <line number="16" hits="2" branch="false" />
              </lines>
            </method>
            <method name="get_URL" signature="()" line-rate="1" branch-rate="1" complexity="1">
              <lines>
                <line number="17" hits="2" branch="false" />
              </lines>
            </method>
          </methods>
          <lines>
            <line number="13" hits="4" branch="false" />
            <line number="14" hits="2" branch="false" />
            <line number="15" hits="2" branch="false" />
            <line number="16" hits="2" branch="false" />
            <line number="17" hits="2" branch="false" />
          </lines>
        </class>
      </classes>
    </package>
    <package name="Petzey.ProfileView.Service" line-rate="1" branch-rate="1" complexity="3">
      <classes>
        <class name="Petzey.ProfileView.Service.BusinessService.ProfileViewService" filename="C:\Users\Dell\source\repos\Petzey.ProfileView.API\Petzey.ProfileView.Service\BusinessService\ProfileViewService.cs" line-rate="1" branch-rate="1" complexity="2">
          <methods>
            <method name="ViewProfiless" signature="(...)" line-rate="1" branch-rate="1" complexity="1">
              <lines>
                <line number="27" hits="1" branch="false" />
                <line number="29" hits="1" branch="false" />
                <line number="30" hits="1" branch="false" />
                <line number="31" hits="1" branch="false" />
                <line number="33" hits="1" branch="false" />
              </lines>
            </method>
            <method name=".ctor" signature="()" line-rate="1" branch-rate="1" complexity="1">
              <lines>
                <line number="21" hits="2" branch="false" />
                <line number="22" hits="2" branch="false" />
                <line number="23" hits="2" branch="false" />
                <line number="24" hits="2" branch="false" />
                <line number="25" hits="2" branch="false" />
              </lines>
            </method>
          </methods>
          <lines>
            <line number="21" hits="2" branch="false" />
            <line number="22" hits="2" branch="false" />
            <line number="23" hits="2" branch="false" />
            <line number="24" hits="2" branch="false" />
            <line number="25" hits="2" branch="false" />
            <line number="27" hits="1" branch="false" />
            <line number="29" hits="1" branch="false" />
            <line number="30" hits="1" branch="false" />
            <line number="31" hits="1" branch="false" />
            <line number="33" hits="1" branch="false" />
          </lines>
        </class>
        <class name="Petzey.ProfileView.Service.MappingService.ProfileViewMapping" filename="C:\Users\Dell\source\repos\Petzey.ProfileView.API\Petzey.ProfileView.Service\MappingService\ProfileViewMapping.cs" line-rate="1" branch-rate="1" complexity="1">
          <methods>
            <method name="ViewProfilesChangetoDto" signature="(...)" line-rate="1" branch-rate="1" complexity="1">
              <lines>
                <line number="15" hits="1" branch="false" />
                <line number="17" hits="1" branch="false" />
                <line number="18" hits="1" branch="false" />
                <line number="19" hits="1" branch="false" />
                <line number="20" hits="1" branch="false" />
                <line number="21" hits="1" branch="false" />
                <line number="22" hits="1" branch="false" />
                <line number="23" hits="1" branch="false" />
                <line number="25" hits="2" branch="false" />
                <line number="26" hits="1" branch="false" />
                <line number="27" hits="1" branch="false" />
              </lines>
            </method>
          </methods>
          <lines>
            <line number="15" hits="1" branch="false" />
            <line number="17" hits="1" branch="false" />
            <line number="18" hits="1" branch="false" />
            <line number="19" hits="1" branch="false" />
            <line number="20" hits="1" branch="false" />
            <line number="21" hits="1" branch="false" />
            <line number="22" hits="1" branch="false" />
            <line number="23" hits="1" branch="false" />
            <line number="25" hits="2" branch="false" />
            <line number="26" hits="1" branch="false" />
            <line number="27" hits="1" branch="false" />
          </lines>
        </class>
      </classes>
    </package>
    <package name="ProfileViewDTO" line-rate="1" branch-rate="1" complexity="5">
      <classes>
        <class name="ProfileViewDTO.ViewProfilesDTO" filename="C:\Users\Dell\source\repos\Petzey.ProfileView.API\ProfileViewDTO\ViewProfilesDTO.cs" line-rate="1" branch-rate="1" complexity="5">
          <methods>
            <method name="get_Id" signature="()" line-rate="1" branch-rate="1" complexity="1">
              <lines>
                <line number="12" hits="1" branch="false" />
              </lines>
            </method>
            <method name="get_Name" signature="()" line-rate="1" branch-rate="1" complexity="1">
              <lines>
                <line number="13" hits="1" branch="false" />
              </lines>
            </method>
            <method name="get_Mobile" signature="()" line-rate="1" branch-rate="1" complexity="1">
              <lines>
                <line number="14" hits="1" branch="false" />
              </lines>
            </method>
            <method name="get_Location" signature="()" line-rate="1" branch-rate="1" complexity="1">
              <lines>
                <line number="15" hits="1" branch="false" />
              </lines>
            </method>
            <method name="get_URL" signature="()" line-rate="1" branch-rate="1" complexity="1">
              <lines>
                <line number="16" hits="1" branch="false" />
              </lines>
            </method>
          </methods>
          <lines>
            <line number="12" hits="1" branch="false" />
            <line number="13" hits="1" branch="false" />
            <line number="14" hits="1" branch="false" />
            <line number="15" hits="1" branch="false" />
            <line number="16" hits="1" branch="false" />
          </lines>
        </class>
      </classes>
    </package>
  </packages>
</coverage>