TpTrace Verbose: 0 : 15528, 1, 2023/01/02, 15:17:54.365, 201659311194, vstest.console.dll, Version: 17.4.0-release-20221019-01 Current process architecture: X64
TpTrace Verbose: 0 : 15528, 1, 2023/01/02, 15:17:54.380, 201659453102, vstest.console.dll, Runtime location: C:\Program Files\dotnet\shared\Microsoft.NETCore.App\7.0.1
TpTrace Verbose: 0 : 15528, 1, 2023/01/02, 15:17:54.424, 201659898291, vstest.console.dll, ArtifactProcessingPostProcessModeProcessorExecutor.Initialize: ArtifactProcessingMode.Collect
TpTrace Verbose: 0 : 15528, 1, 2023/01/02, 15:17:54.424, 201659900191, vstest.console.dll, TestSessionCorrelationIdProcessorModeProcessorExecutor.Initialize: TestSessionCorrelationId '11808_3b5acdb8-8cf7-4a49-aa5b-5664e36f443f'
TpTrace Information: 0 : 15528, 1, 2023/01/02, 15:17:54.486, 201660519017, vstest.console.dll, FilePatternParser: The given file C:\Users\Dell\source\repos\Petzey.ProfileView.API\Petzey.ProfileView.DataTests\bin\Debug\net6.0\fine-code-coverage\build-output\Petzey.ProfileView.DataTests.dll is a full path.
TpTrace Verbose: 0 : 15528, 1, 2023/01/02, 15:17:54.553, 201661186311, vstest.console.dll, TestPluginCache.DiscoverTestExtensions: finding test extensions in assemblies ends with: RuntimeProvider.dll TPluginInfo: Microsoft.VisualStudio.TestPlatform.Common.ExtensionFramework.Utilities.TestRuntimePluginInformation TExtension: Microsoft.VisualStudio.TestPlatform.ObjectModel.Host.ITestRuntimeProvider
TpTrace Verbose: 0 : 15528, 1, 2023/01/02, 15:17:54.554, 201661191561, vstest.console.dll, TestPluginCache.GetExtensionPaths: Filtered extension paths: 
TpTrace Verbose: 0 : 15528, 1, 2023/01/02, 15:17:54.554, 201661193399, vstest.console.dll, TestPluginCache.GetExtensionPaths: Added default extension paths: C:\Program Files\dotnet\sdk\7.0.101\Extensions\Microsoft.Diagnostics.NETCore.Client.dll
C:\Program Files\dotnet\sdk\7.0.101\Extensions\Microsoft.TestPlatform.Extensions.BlameDataCollector.dll
C:\Program Files\dotnet\sdk\7.0.101\Extensions\Microsoft.TestPlatform.Extensions.EventLogCollector.dll
C:\Program Files\dotnet\sdk\7.0.101\Extensions\Microsoft.TestPlatform.TestHostRuntimeProvider.dll
C:\Program Files\dotnet\sdk\7.0.101\Extensions\Microsoft.VisualStudio.TestPlatform.Extensions.Html.TestLogger.dll
C:\Program Files\dotnet\sdk\7.0.101\Extensions\Microsoft.VisualStudio.TestPlatform.Extensions.Trx.TestLogger.dll
TpTrace Verbose: 0 : 15528, 1, 2023/01/02, 15:17:54.554, 201661194199, vstest.console.dll, TestPluginCache.GetExtensionPaths: Added unfilterableExtensionPaths: 
TpTrace Information: 0 : 15528, 1, 2023/01/02, 15:17:54.559, 201661249887, vstest.console.dll, AssemblyResolver.ctor: Creating AssemblyResolver with searchDirectories C:\Program Files\dotnet\sdk\7.0.101\Extensions,C:\Program Files\dotnet\sdk\7.0.101
TpTrace Verbose: 0 : 15528, 1, 2023/01/02, 15:17:54.574, 201661392470, vstest.console.dll, TestPluginCache.DiscoverTestExtensions: Discovering the extensions using extension path.
TpTrace Verbose: 0 : 15528, 1, 2023/01/02, 15:17:54.574, 201661395334, vstest.console.dll, TestPluginCache.GetExtensionPaths: Filtered extension paths: 
TpTrace Verbose: 0 : 15528, 1, 2023/01/02, 15:17:54.574, 201661396326, vstest.console.dll, TestPluginCache.GetExtensionPaths: Added default extension paths: C:\Program Files\dotnet\sdk\7.0.101\Extensions\Microsoft.Diagnostics.NETCore.Client.dll
C:\Program Files\dotnet\sdk\7.0.101\Extensions\Microsoft.TestPlatform.Extensions.BlameDataCollector.dll
C:\Program Files\dotnet\sdk\7.0.101\Extensions\Microsoft.TestPlatform.Extensions.EventLogCollector.dll
C:\Program Files\dotnet\sdk\7.0.101\Extensions\Microsoft.TestPlatform.TestHostRuntimeProvider.dll
C:\Program Files\dotnet\sdk\7.0.101\Extensions\Microsoft.VisualStudio.TestPlatform.Extensions.Html.TestLogger.dll
C:\Program Files\dotnet\sdk\7.0.101\Extensions\Microsoft.VisualStudio.TestPlatform.Extensions.Trx.TestLogger.dll
TpTrace Verbose: 0 : 15528, 1, 2023/01/02, 15:17:54.574, 201661396869, vstest.console.dll, TestPluginCache.GetExtensionPaths: Added unfilterableExtensionPaths: 
TpTrace Verbose: 0 : 15528, 1, 2023/01/02, 15:17:54.574, 201661398827, vstest.console.dll, TestPluginCache.DiscoverTestExtensions: Discovering the extensions using allExtensionPaths: C:\Program Files\dotnet\sdk\7.0.101\Extensions\Microsoft.Diagnostics.NETCore.Client.dll
C:\Program Files\dotnet\sdk\7.0.101\Extensions\Microsoft.TestPlatform.Extensions.BlameDataCollector.dll
C:\Program Files\dotnet\sdk\7.0.101\Extensions\Microsoft.TestPlatform.Extensions.EventLogCollector.dll
C:\Program Files\dotnet\sdk\7.0.101\Extensions\Microsoft.TestPlatform.TestHostRuntimeProvider.dll
C:\Program Files\dotnet\sdk\7.0.101\Extensions\Microsoft.VisualStudio.TestPlatform.Extensions.Html.TestLogger.dll
C:\Program Files\dotnet\sdk\7.0.101\Extensions\Microsoft.VisualStudio.TestPlatform.Extensions.Trx.TestLogger.dll
TpTrace Information: 0 : 15528, 1, 2023/01/02, 15:17:54.575, 201661401225, vstest.console.dll, AssemblyResolver.AddSearchDirectories: Adding more searchDirectories C:\Program Files\dotnet\sdk\7.0.101\Extensions,C:\Program Files\dotnet\sdk\7.0.101
TpTrace Information: 0 : 15528, 1, 2023/01/02, 15:17:54.575, 201661402135, vstest.console.dll, AssemblyResolver.AddSearchDirectories: Adding more searchDirectories C:\Program Files\dotnet\sdk\7.0.101\Extensions,C:\Program Files\dotnet\sdk\7.0.101
TpTrace Information: 0 : 15528, 1, 2023/01/02, 15:17:54.575, 201661402767, vstest.console.dll, AssemblyResolver.AddSearchDirectories: Adding more searchDirectories C:\Program Files\dotnet\sdk\7.0.101\Extensions,C:\Program Files\dotnet\sdk\7.0.101
TpTrace Information: 0 : 15528, 1, 2023/01/02, 15:17:54.575, 201661403198, vstest.console.dll, AssemblyResolver.AddSearchDirectories: Adding more searchDirectories C:\Program Files\dotnet\sdk\7.0.101\Extensions,C:\Program Files\dotnet\sdk\7.0.101
TpTrace Information: 0 : 15528, 1, 2023/01/02, 15:17:54.575, 201661403593, vstest.console.dll, AssemblyResolver.AddSearchDirectories: Adding more searchDirectories C:\Program Files\dotnet\sdk\7.0.101\Extensions,C:\Program Files\dotnet\sdk\7.0.101
TpTrace Information: 0 : 15528, 1, 2023/01/02, 15:17:54.575, 201661404065, vstest.console.dll, AssemblyResolver.AddSearchDirectories: Adding more searchDirectories C:\Program Files\dotnet\sdk\7.0.101\Extensions,C:\Program Files\dotnet\sdk\7.0.101
TpTrace Information: 0 : 15528, 1, 2023/01/02, 15:17:54.575, 201661411089, vstest.console.dll, AssemblyResolver.OnResolve: Microsoft.Diagnostics.NETCore.Client: Resolving assembly.
TpTrace Information: 0 : 15528, 1, 2023/01/02, 15:17:54.576, 201661412077, vstest.console.dll, AssemblyResolver.OnResolve: Microsoft.Diagnostics.NETCore.Client: Searching in: 'C:\Program Files\dotnet\sdk\7.0.101\Extensions'.
TpTrace Information: 0 : 15528, 1, 2023/01/02, 15:17:54.674, 201662398368, vstest.console.dll, AssemblyResolver.OnResolve: Microsoft.Diagnostics.NETCore.Client: Loading assembly 'C:\Program Files\dotnet\sdk\7.0.101\Extensions\Microsoft.Diagnostics.NETCore.Client.dll'.
TpTrace Information: 0 : 15528, 1, 2023/01/02, 15:17:54.687, 201662529487, vstest.console.dll, AssemblyResolver.OnResolve: Resolved assembly: Microsoft.Diagnostics.NETCore.Client, from path: C:\Program Files\dotnet\sdk\7.0.101\Extensions\Microsoft.Diagnostics.NETCore.Client.dll
TpTrace Verbose: 0 : 15528, 1, 2023/01/02, 15:17:54.690, 201662560796, vstest.console.dll, MetadataReaderExtensionsHelper: Discovering extensions inside assembly 'Microsoft.Diagnostics.NETCore.Client, Version=0.2.6.42401, Culture=neutral, PublicKeyToken=31bf3856ad364e35' file path 'C:\Program Files\dotnet\sdk\7.0.101\Extensions\Microsoft.Diagnostics.NETCore.Client.dll'
TpTrace Information: 0 : 15528, 1, 2023/01/02, 15:17:54.734, 201662994617, vstest.console.dll, AssemblyResolver.OnResolve: Microsoft.Bcl.AsyncInterfaces: Resolving assembly.
TpTrace Information: 0 : 15528, 1, 2023/01/02, 15:17:54.734, 201662996133, vstest.console.dll, AssemblyResolver.OnResolve: Microsoft.Bcl.AsyncInterfaces: Searching in: 'C:\Program Files\dotnet\sdk\7.0.101\Extensions'.
TpTrace Information: 0 : 15528, 1, 2023/01/02, 15:17:54.734, 201662998572, vstest.console.dll, AssemblyResolver.OnResolve: Microsoft.Bcl.AsyncInterfaces: Assembly path does not exist: 'C:\Program Files\dotnet\sdk\7.0.101\Extensions\Microsoft.Bcl.AsyncInterfaces.dll', returning.
TpTrace Information: 0 : 15528, 1, 2023/01/02, 15:17:54.735, 201663002557, vstest.console.dll, AssemblyResolver.OnResolve: Microsoft.Bcl.AsyncInterfaces: Assembly path does not exist: 'C:\Program Files\dotnet\sdk\7.0.101\Extensions\Microsoft.Bcl.AsyncInterfaces.exe', returning.
TpTrace Information: 0 : 15528, 1, 2023/01/02, 15:17:54.735, 201663004594, vstest.console.dll, AssemblyResolver.OnResolve: Microsoft.Bcl.AsyncInterfaces: Searching in: 'C:\Program Files\dotnet\sdk\7.0.101'.
TpTrace Information: 0 : 15528, 1, 2023/01/02, 15:17:54.735, 201663006650, vstest.console.dll, AssemblyResolver.OnResolve: Microsoft.Bcl.AsyncInterfaces: Assembly path does not exist: 'C:\Program Files\dotnet\sdk\7.0.101\Microsoft.Bcl.AsyncInterfaces.dll', returning.
TpTrace Information: 0 : 15528, 1, 2023/01/02, 15:17:54.735, 201663008484, vstest.console.dll, AssemblyResolver.OnResolve: Microsoft.Bcl.AsyncInterfaces: Assembly path does not exist: 'C:\Program Files\dotnet\sdk\7.0.101\Microsoft.Bcl.AsyncInterfaces.exe', returning.
TpTrace Information: 0 : 15528, 1, 2023/01/02, 15:17:54.735, 201663009401, vstest.console.dll, AssemblyResolver.OnResolve: Microsoft.Bcl.AsyncInterfaces: Failed to load assembly.
TpTrace Verbose: 0 : 15528, 1, 2023/01/02, 15:17:54.735, 201663010397, vstest.console.dll, CurrentDomainAssemblyResolve: Resolving assembly 'Microsoft.Bcl.AsyncInterfaces'.
TpTrace Information: 0 : 15528, 1, 2023/01/02, 15:17:54.736, 201663011767, vstest.console.dll, AssemblyResolver.OnResolve: Microsoft.Bcl.AsyncInterfaces: Resolving assembly.
TpTrace Information: 0 : 15528, 1, 2023/01/02, 15:17:54.736, 201663012852, vstest.console.dll, AssemblyResolver.OnResolve: Microsoft.Bcl.AsyncInterfaces: Resolved from cache.
TpTrace Verbose: 0 : 15528, 1, 2023/01/02, 15:17:54.736, 201663013520, vstest.console.dll, CurrentDomainAssemblyResolve: Resolving assembly 'Microsoft.Bcl.AsyncInterfaces'.
TpTrace Verbose: 0 : 15528, 1, 2023/01/02, 15:17:54.736, 201663014436, vstest.console.dll, CurrentDomainAssemblyResolve: Failed to resolve assembly 'Microsoft.Bcl.AsyncInterfaces'.
TpTrace Verbose: 0 : 15528, 1, 2023/01/02, 15:17:54.810, 201663761127, vstest.console.dll, CurrentDomainAssemblyResolve: Failed to resolve assembly 'Microsoft.Bcl.AsyncInterfaces'.
TpTrace Warning: 0 : 15528, 1, 2023/01/02, 15:17:54.950, 201665154987, vstest.console.dll, TestPluginDiscoverer: Failed to get types from assembly 'Microsoft.Diagnostics.NETCore.Client, Version=0.2.6.42401, Culture=neutral, PublicKeyToken=31bf3856ad364e35'. Error: System.Reflection.ReflectionTypeLoadException: Unable to load one or more of the requested types.
Could not load file or assembly 'Microsoft.Bcl.AsyncInterfaces, Version=1.0.0.0, Culture=neutral, PublicKeyToken=cc7b13ffcd2ddd51'. The system cannot find the file specified.
   at System.Reflection.RuntimeModule.GetTypes(RuntimeModule module)
   at System.Reflection.Assembly.GetTypes()
   at Microsoft.VisualStudio.TestPlatform.Common.ExtensionFramework.TestPluginDiscoverer.GetTestExtensionsFromAssembly[TPluginInfo,TExtension](Assembly assembly, Dictionary`2 pluginInfos, String filePath)
System.IO.FileNotFoundException: Could not load file or assembly 'Microsoft.Bcl.AsyncInterfaces, Version=1.0.0.0, Culture=neutral, PublicKeyToken=cc7b13ffcd2ddd51'. The system cannot find the file specified.
File name: 'Microsoft.Bcl.AsyncInterfaces, Version=1.0.0.0, Culture=neutral, PublicKeyToken=cc7b13ffcd2ddd51'
 ---> System.IO.FileNotFoundException: Could not load file or assembly 'Microsoft.Bcl.AsyncInterfaces, Culture=neutral, PublicKeyToken=null'. The system cannot find the file specified.
File name: 'Microsoft.Bcl.AsyncInterfaces, Culture=neutral, PublicKeyToken=null'
   at System.Reflection.RuntimeAssembly.InternalLoad(AssemblyName assemblyName, StackCrawlMark& stackMark, AssemblyLoadContext assemblyLoadContext, RuntimeAssembly requestingAssembly, Boolean throwOnFileNotFound)
   at System.Reflection.Assembly.Load(AssemblyName assemblyRef)
   at Microsoft.VisualStudio.TestPlatform.Common.ExtensionFramework.TestPluginCache.CurrentDomainAssemblyResolve(Object sender, AssemblyResolveEventArgs args)
   at System.Runtime.Loader.AssemblyLoadContext.GetFirstResolvedAssemblyFromResolvingEvent(AssemblyName assemblyName)
   at System.Runtime.Loader.AssemblyLoadContext.ResolveUsingEvent(AssemblyName assemblyName)
   at System.Runtime.Loader.AssemblyLoadContext.ResolveUsingResolvingEvent(IntPtr gchManagedAssemblyLoadContext, AssemblyName assemblyName)
TpTrace Warning: 0 : 15528, 1, 2023/01/02, 15:17:54.951, 201665162045, vstest.console.dll, LoaderExceptions: System.IO.FileNotFoundException: Could not load file or assembly 'Microsoft.Bcl.AsyncInterfaces, Version=1.0.0.0, Culture=neutral, PublicKeyToken=cc7b13ffcd2ddd51'. The system cannot find the file specified.
File name: 'Microsoft.Bcl.AsyncInterfaces, Version=1.0.0.0, Culture=neutral, PublicKeyToken=cc7b13ffcd2ddd51'
 ---> System.IO.FileNotFoundException: Could not load file or assembly 'Microsoft.Bcl.AsyncInterfaces, Culture=neutral, PublicKeyToken=null'. The system cannot find the file specified.
File name: 'Microsoft.Bcl.AsyncInterfaces, Culture=neutral, PublicKeyToken=null'
   at System.Reflection.RuntimeAssembly.InternalLoad(AssemblyName assemblyName, StackCrawlMark& stackMark, AssemblyLoadContext assemblyLoadContext, RuntimeAssembly requestingAssembly, Boolean throwOnFileNotFound)
   at System.Reflection.Assembly.Load(AssemblyName assemblyRef)
   at Microsoft.VisualStudio.TestPlatform.Common.ExtensionFramework.TestPluginCache.CurrentDomainAssemblyResolve(Object sender, AssemblyResolveEventArgs args)
   at System.Runtime.Loader.AssemblyLoadContext.GetFirstResolvedAssemblyFromResolvingEvent(AssemblyName assemblyName)
   at System.Runtime.Loader.AssemblyLoadContext.ResolveUsingEvent(AssemblyName assemblyName)
   at System.Runtime.Loader.AssemblyLoadContext.ResolveUsingResolvingEvent(IntPtr gchManagedAssemblyLoadContext, AssemblyName assemblyName)
TpTrace Information: 0 : 15528, 1, 2023/01/02, 15:17:54.951, 201665165387, vstest.console.dll, AssemblyResolver.OnResolve: Microsoft.TestPlatform.Extensions.BlameDataCollector: Resolving assembly.
TpTrace Information: 0 : 15528, 1, 2023/01/02, 15:17:54.951, 201665166149, vstest.console.dll, AssemblyResolver.OnResolve: Microsoft.TestPlatform.Extensions.BlameDataCollector: Searching in: 'C:\Program Files\dotnet\sdk\7.0.101\Extensions'.
TpTrace Information: 0 : 15528, 1, 2023/01/02, 15:17:54.966, 201665315155, vstest.console.dll, AssemblyResolver.OnResolve: Microsoft.TestPlatform.Extensions.BlameDataCollector: Loading assembly 'C:\Program Files\dotnet\sdk\7.0.101\Extensions\Microsoft.TestPlatform.Extensions.BlameDataCollector.dll'.
TpTrace Information: 0 : 15528, 1, 2023/01/02, 15:17:54.970, 201665357994, vstest.console.dll, AssemblyResolver.OnResolve: Resolved assembly: Microsoft.TestPlatform.Extensions.BlameDataCollector, from path: C:\Program Files\dotnet\sdk\7.0.101\Extensions\Microsoft.TestPlatform.Extensions.BlameDataCollector.dll
TpTrace Verbose: 0 : 15528, 1, 2023/01/02, 15:17:54.970, 201665360397, vstest.console.dll, MetadataReaderExtensionsHelper: Discovering extensions inside assembly 'Microsoft.TestPlatform.Extensions.BlameDataCollector, Version=15.0.0.0, Culture=neutral, PublicKeyToken=b03f5f7f11d50a3a' file path 'C:\Program Files\dotnet\sdk\7.0.101\Extensions\Microsoft.TestPlatform.Extensions.BlameDataCollector.dll'
TpTrace Information: 0 : 15528, 1, 2023/01/02, 15:17:54.974, 201665399234, vstest.console.dll, AssemblyResolver.OnResolve: Microsoft.TestPlatform.Extensions.EventLogCollector: Resolving assembly.
TpTrace Information: 0 : 15528, 1, 2023/01/02, 15:17:54.974, 201665400392, vstest.console.dll, AssemblyResolver.OnResolve: Microsoft.TestPlatform.Extensions.EventLogCollector: Searching in: 'C:\Program Files\dotnet\sdk\7.0.101\Extensions'.
TpTrace Information: 0 : 15528, 1, 2023/01/02, 15:17:54.989, 201665543409, vstest.console.dll, AssemblyResolver.OnResolve: Microsoft.TestPlatform.Extensions.EventLogCollector: Loading assembly 'C:\Program Files\dotnet\sdk\7.0.101\Extensions\Microsoft.TestPlatform.Extensions.EventLogCollector.dll'.
TpTrace Information: 0 : 15528, 1, 2023/01/02, 15:17:54.990, 201665555085, vstest.console.dll, AssemblyResolver.OnResolve: Resolved assembly: Microsoft.TestPlatform.Extensions.EventLogCollector, from path: C:\Program Files\dotnet\sdk\7.0.101\Extensions\Microsoft.TestPlatform.Extensions.EventLogCollector.dll
TpTrace Verbose: 0 : 15528, 1, 2023/01/02, 15:17:54.990, 201665556585, vstest.console.dll, MetadataReaderExtensionsHelper: Discovering extensions inside assembly 'Microsoft.TestPlatform.Extensions.EventLogCollector, Version=15.0.0.0, Culture=neutral, PublicKeyToken=b03f5f7f11d50a3a' file path 'C:\Program Files\dotnet\sdk\7.0.101\Extensions\Microsoft.TestPlatform.Extensions.EventLogCollector.dll'
TpTrace Information: 0 : 15528, 1, 2023/01/02, 15:17:55.017, 201665826275, vstest.console.dll, AssemblyResolver.OnResolve: Microsoft.TestPlatform.TestHostRuntimeProvider: Resolving assembly.
TpTrace Information: 0 : 15528, 1, 2023/01/02, 15:17:55.017, 201665827793, vstest.console.dll, AssemblyResolver.OnResolve: Microsoft.TestPlatform.TestHostRuntimeProvider: Searching in: 'C:\Program Files\dotnet\sdk\7.0.101\Extensions'.
TpTrace Information: 0 : 15528, 1, 2023/01/02, 15:17:55.027, 201665925287, vstest.console.dll, AssemblyResolver.OnResolve: Microsoft.TestPlatform.TestHostRuntimeProvider: Loading assembly 'C:\Program Files\dotnet\sdk\7.0.101\Extensions\Microsoft.TestPlatform.TestHostRuntimeProvider.dll'.
TpTrace Information: 0 : 15528, 1, 2023/01/02, 15:17:55.028, 201665940036, vstest.console.dll, AssemblyResolver.OnResolve: Resolved assembly: Microsoft.TestPlatform.TestHostRuntimeProvider, from path: C:\Program Files\dotnet\sdk\7.0.101\Extensions\Microsoft.TestPlatform.TestHostRuntimeProvider.dll
TpTrace Verbose: 0 : 15528, 1, 2023/01/02, 15:17:55.029, 201665941490, vstest.console.dll, MetadataReaderExtensionsHelper: Discovering extensions inside assembly 'Microsoft.TestPlatform.TestHostRuntimeProvider, Version=15.0.0.0, Culture=neutral, PublicKeyToken=b03f5f7f11d50a3a' file path 'C:\Program Files\dotnet\sdk\7.0.101\Extensions\Microsoft.TestPlatform.TestHostRuntimeProvider.dll'
TpTrace Information: 0 : 15528, 1, 2023/01/02, 15:17:55.035, 201666001790, vstest.console.dll, GetTestExtensionFromType: Register extension with identifier data 'HostProvider://DefaultTestHost' and type 'Microsoft.VisualStudio.TestPlatform.CrossPlatEngine.Hosting.DefaultTestHostManager, Microsoft.TestPlatform.TestHostRuntimeProvider, Version=15.0.0.0, Culture=neutral, PublicKeyToken=b03f5f7f11d50a3a' inside file 'C:\Program Files\dotnet\sdk\7.0.101\Extensions\Microsoft.TestPlatform.TestHostRuntimeProvider.dll'
TpTrace Information: 0 : 15528, 1, 2023/01/02, 15:17:55.035, 201666006640, vstest.console.dll, GetTestExtensionFromType: Register extension with identifier data 'HostProvider://DotnetTestHost' and type 'Microsoft.VisualStudio.TestPlatform.CrossPlatEngine.Hosting.DotnetTestHostManager, Microsoft.TestPlatform.TestHostRuntimeProvider, Version=15.0.0.0, Culture=neutral, PublicKeyToken=b03f5f7f11d50a3a' inside file 'C:\Program Files\dotnet\sdk\7.0.101\Extensions\Microsoft.TestPlatform.TestHostRuntimeProvider.dll'
TpTrace Information: 0 : 15528, 1, 2023/01/02, 15:17:55.035, 201666008197, vstest.console.dll, AssemblyResolver.OnResolve: Microsoft.VisualStudio.TestPlatform.Extensions.Html.TestLogger: Resolving assembly.
TpTrace Information: 0 : 15528, 1, 2023/01/02, 15:17:55.035, 201666008810, vstest.console.dll, AssemblyResolver.OnResolve: Microsoft.VisualStudio.TestPlatform.Extensions.Html.TestLogger: Searching in: 'C:\Program Files\dotnet\sdk\7.0.101\Extensions'.
TpTrace Information: 0 : 15528, 1, 2023/01/02, 15:17:55.051, 201666162516, vstest.console.dll, AssemblyResolver.OnResolve: Microsoft.VisualStudio.TestPlatform.Extensions.Html.TestLogger: Loading assembly 'C:\Program Files\dotnet\sdk\7.0.101\Extensions\Microsoft.VisualStudio.TestPlatform.Extensions.Html.TestLogger.dll'.
TpTrace Information: 0 : 15528, 1, 2023/01/02, 15:17:55.059, 201666243883, vstest.console.dll, AssemblyResolver.OnResolve: Resolved assembly: Microsoft.VisualStudio.TestPlatform.Extensions.Html.TestLogger, from path: C:\Program Files\dotnet\sdk\7.0.101\Extensions\Microsoft.VisualStudio.TestPlatform.Extensions.Html.TestLogger.dll
TpTrace Verbose: 0 : 15528, 1, 2023/01/02, 15:17:55.059, 201666246240, vstest.console.dll, MetadataReaderExtensionsHelper: Discovering extensions inside assembly 'Microsoft.VisualStudio.TestPlatform.Extensions.Html.TestLogger, Version=15.0.0.0, Culture=neutral, PublicKeyToken=b03f5f7f11d50a3a' file path 'C:\Program Files\dotnet\sdk\7.0.101\Extensions\Microsoft.VisualStudio.TestPlatform.Extensions.Html.TestLogger.dll'
TpTrace Information: 0 : 15528, 1, 2023/01/02, 15:17:55.062, 201666274770, vstest.console.dll, AssemblyResolver.OnResolve: Microsoft.VisualStudio.TestPlatform.Extensions.Trx.TestLogger: Resolving assembly.
TpTrace Information: 0 : 15528, 1, 2023/01/02, 15:17:55.062, 201666275911, vstest.console.dll, AssemblyResolver.OnResolve: Microsoft.VisualStudio.TestPlatform.Extensions.Trx.TestLogger: Searching in: 'C:\Program Files\dotnet\sdk\7.0.101\Extensions'.
TpTrace Information: 0 : 15528, 1, 2023/01/02, 15:17:55.074, 201666398495, vstest.console.dll, AssemblyResolver.OnResolve: Microsoft.VisualStudio.TestPlatform.Extensions.Trx.TestLogger: Loading assembly 'C:\Program Files\dotnet\sdk\7.0.101\Extensions\Microsoft.VisualStudio.TestPlatform.Extensions.Trx.TestLogger.dll'.
TpTrace Information: 0 : 15528, 1, 2023/01/02, 15:17:55.076, 201666413250, vstest.console.dll, AssemblyResolver.OnResolve: Resolved assembly: Microsoft.VisualStudio.TestPlatform.Extensions.Trx.TestLogger, from path: C:\Program Files\dotnet\sdk\7.0.101\Extensions\Microsoft.VisualStudio.TestPlatform.Extensions.Trx.TestLogger.dll
TpTrace Verbose: 0 : 15528, 1, 2023/01/02, 15:17:55.076, 201666414798, vstest.console.dll, MetadataReaderExtensionsHelper: Discovering extensions inside assembly 'Microsoft.VisualStudio.TestPlatform.Extensions.Trx.TestLogger, Version=15.0.0.0, Culture=neutral, PublicKeyToken=b03f5f7f11d50a3a' file path 'C:\Program Files\dotnet\sdk\7.0.101\Extensions\Microsoft.VisualStudio.TestPlatform.Extensions.Trx.TestLogger.dll'
TpTrace Verbose: 0 : 15528, 1, 2023/01/02, 15:17:55.080, 201666451764, vstest.console.dll, TestPluginCache: Discovered the extensions using extension path ''.
TpTrace Verbose: 0 : 15528, 1, 2023/01/02, 15:17:55.080, 201666453701, vstest.console.dll, TestPluginCache: Discoverers are ''.
TpTrace Verbose: 0 : 15528, 1, 2023/01/02, 15:17:55.080, 201666456405, vstest.console.dll, TestPluginCache: Executors are ''.
TpTrace Verbose: 0 : 15528, 1, 2023/01/02, 15:17:55.080, 201666457203, vstest.console.dll, TestPluginCache: Executors2 are ''.
TpTrace Verbose: 0 : 15528, 1, 2023/01/02, 15:17:55.080, 201666460309, vstest.console.dll, TestPluginCache: Setting providers are ''.
TpTrace Verbose: 0 : 15528, 1, 2023/01/02, 15:17:55.080, 201666460942, vstest.console.dll, TestPluginCache: Loggers are ''.
TpTrace Verbose: 0 : 15528, 1, 2023/01/02, 15:17:55.081, 201666464165, vstest.console.dll, TestPluginCache: TestHosts are 'HostProvider://DefaultTestHost,HostProvider://DotnetTestHost'.
TpTrace Verbose: 0 : 15528, 1, 2023/01/02, 15:17:55.081, 201666465258, vstest.console.dll, TestPluginCache: DataCollectors are ''.
TpTrace Information: 0 : 15528, 1, 2023/01/02, 15:17:55.232, 201667971530, vstest.console.dll, RunTestsArgumentProcessor:Execute: Test run is starting.
TpTrace Verbose: 0 : 15528, 1, 2023/01/02, 15:17:55.232, 201667972996, vstest.console.dll, RunTestsArgumentProcessor:Execute: Queuing Test run.
TpTrace Information: 0 : 15528, 1, 2023/01/02, 15:17:55.233, 201667990524, vstest.console.dll, TestRequestManager.RunTests: run tests started.
TpTrace Information: 0 : 15528, 1, 2023/01/02, 15:17:55.237, 201668023551, vstest.console.dll, AssemblyMetadataProvider.GetFrameworkName: Determined framework:'.NETCoreApp,Version=v6.0' for source: 'C:\Users\Dell\source\repos\Petzey.ProfileView.API\Petzey.ProfileView.DataTests\bin\Debug\net6.0\fine-code-coverage\build-output\Petzey.ProfileView.DataTests.dll'
TpTrace Information: 0 : 15528, 1, 2023/01/02, 15:17:55.237, 201668028457, vstest.console.dll, Determined framework for all sources: .NETCoreApp,Version=v6.0
TpTrace Verbose: 0 : 15528, 1, 2023/01/02, 15:17:55.238, 201668035815, vstest.console.dll, TestRequestManager.UpdateRunSettingsIfRequired: Default architecture: X64 IsDefaultTargetArchitecture: True, Current process architecture: X64 OperatingSystem: Windows.
TpTrace Information: 0 : 15528, 1, 2023/01/02, 15:17:55.241, 201668066373, vstest.console.dll, AssemblyMetadataProvider.GetArchitecture: Determined architecture:AnyCPU info for assembly: C:\Users\Dell\source\repos\Petzey.ProfileView.API\Petzey.ProfileView.DataTests\bin\Debug\net6.0\fine-code-coverage\build-output\Petzey.ProfileView.DataTests.dll
TpTrace Information: 0 : 15528, 1, 2023/01/02, 15:17:55.241, 201668067338, vstest.console.dll, Determined platform for source 'C:\Users\Dell\source\repos\Petzey.ProfileView.API\Petzey.ProfileView.DataTests\bin\Debug\net6.0\fine-code-coverage\build-output\Petzey.ProfileView.DataTests.dll' was AnyCPU and it will use the default plaform X64.
TpTrace Information: 0 : 15528, 1, 2023/01/02, 15:17:55.241, 201668068119, vstest.console.dll, None of the sources provided any runnable platform, using the default platform: X64
TpTrace Information: 0 : 15528, 1, 2023/01/02, 15:17:55.241, 201668069623, vstest.console.dll, Platform was updated to 'X64'.
TpTrace Information: 0 : 15528, 1, 2023/01/02, 15:17:55.301, 201668664010, vstest.console.dll, InferRunSettingsHelper.IsTestSettingsEnabled: Unable to navigate to RunSettings/MSTest. Current node: RunSettings
TpTrace Information: 0 : 15528, 1, 2023/01/02, 15:17:55.302, 201668679136, vstest.console.dll, AssemblyResolver.OnResolve: Microsoft.VisualStudio.TestPlatform.Fakes: Resolving assembly.
TpTrace Information: 0 : 15528, 1, 2023/01/02, 15:17:55.302, 201668680688, vstest.console.dll, AssemblyResolver.OnResolve: Microsoft.VisualStudio.TestPlatform.Fakes: Searching in: 'C:\Program Files\dotnet\sdk\7.0.101\Extensions'.
TpTrace Information: 0 : 15528, 1, 2023/01/02, 15:17:55.303, 201668683106, vstest.console.dll, AssemblyResolver.OnResolve: Microsoft.VisualStudio.TestPlatform.Fakes: Assembly path does not exist: 'C:\Program Files\dotnet\sdk\7.0.101\Extensions\Microsoft.VisualStudio.TestPlatform.Fakes.dll', returning.
TpTrace Information: 0 : 15528, 1, 2023/01/02, 15:17:55.303, 201668684973, vstest.console.dll, AssemblyResolver.OnResolve: Microsoft.VisualStudio.TestPlatform.Fakes: Assembly path does not exist: 'C:\Program Files\dotnet\sdk\7.0.101\Extensions\Microsoft.VisualStudio.TestPlatform.Fakes.exe', returning.
TpTrace Information: 0 : 15528, 1, 2023/01/02, 15:17:55.303, 201668685822, vstest.console.dll, AssemblyResolver.OnResolve: Microsoft.VisualStudio.TestPlatform.Fakes: Searching in: 'C:\Program Files\dotnet\sdk\7.0.101'.
TpTrace Information: 0 : 15528, 1, 2023/01/02, 15:17:55.303, 201668687471, vstest.console.dll, AssemblyResolver.OnResolve: Microsoft.VisualStudio.TestPlatform.Fakes: Assembly path does not exist: 'C:\Program Files\dotnet\sdk\7.0.101\Microsoft.VisualStudio.TestPlatform.Fakes.dll', returning.
TpTrace Information: 0 : 15528, 1, 2023/01/02, 15:17:55.303, 201668689117, vstest.console.dll, AssemblyResolver.OnResolve: Microsoft.VisualStudio.TestPlatform.Fakes: Assembly path does not exist: 'C:\Program Files\dotnet\sdk\7.0.101\Microsoft.VisualStudio.TestPlatform.Fakes.exe', returning.
TpTrace Information: 0 : 15528, 1, 2023/01/02, 15:17:55.303, 201668689968, vstest.console.dll, AssemblyResolver.OnResolve: Microsoft.VisualStudio.TestPlatform.Fakes: Failed to load assembly.
TpTrace Information: 0 : 15528, 1, 2023/01/02, 15:17:55.304, 201668696065, vstest.console.dll, Failed to load assembly Microsoft.VisualStudio.TestPlatform.Fakes, Version=17.0.0.0, Culture=neutral. Reason:System.IO.FileNotFoundException: Could not load file or assembly 'Microsoft.VisualStudio.TestPlatform.Fakes, Version=17.0.0.0, Culture=neutral, PublicKeyToken=null'. The system cannot find the file specified.
File name: 'Microsoft.VisualStudio.TestPlatform.Fakes, Version=17.0.0.0, Culture=neutral, PublicKeyToken=null'
   at System.Reflection.RuntimeAssembly.InternalLoad(AssemblyName assemblyName, StackCrawlMark& stackMark, AssemblyLoadContext assemblyLoadContext, RuntimeAssembly requestingAssembly, Boolean throwOnFileNotFound)
   at System.Reflection.Assembly.Load(AssemblyName assemblyRef)
   at Microsoft.VisualStudio.TestPlatform.Common.Utilities.FakesUtilities.LoadTestPlatformAssembly()
TpTrace Verbose: 0 : 15528, 1, 2023/01/02, 15:17:55.379, 201669449646, vstest.console.dll, TestPluginCache.DiscoverTestExtensions: finding test extensions in assemblies ends with: TestLogger.dll TPluginInfo: Microsoft.VisualStudio.TestPlatform.Common.ExtensionFramework.Utilities.TestLoggerPluginInformation TExtension: Microsoft.VisualStudio.TestPlatform.ObjectModel.Client.ITestLogger
TpTrace Verbose: 0 : 15528, 1, 2023/01/02, 15:17:55.380, 201669451518, vstest.console.dll, TestPluginCache.GetExtensionPaths: Filtered extension paths: 
TpTrace Verbose: 0 : 15528, 1, 2023/01/02, 15:17:55.380, 201669452631, vstest.console.dll, TestPluginCache.GetExtensionPaths: Added default extension paths: C:\Program Files\dotnet\sdk\7.0.101\Extensions\Microsoft.Diagnostics.NETCore.Client.dll
C:\Program Files\dotnet\sdk\7.0.101\Extensions\Microsoft.TestPlatform.Extensions.BlameDataCollector.dll
C:\Program Files\dotnet\sdk\7.0.101\Extensions\Microsoft.TestPlatform.Extensions.EventLogCollector.dll
C:\Program Files\dotnet\sdk\7.0.101\Extensions\Microsoft.TestPlatform.TestHostRuntimeProvider.dll
C:\Program Files\dotnet\sdk\7.0.101\Extensions\Microsoft.VisualStudio.TestPlatform.Extensions.Html.TestLogger.dll
C:\Program Files\dotnet\sdk\7.0.101\Extensions\Microsoft.VisualStudio.TestPlatform.Extensions.Trx.TestLogger.dll
TpTrace Verbose: 0 : 15528, 1, 2023/01/02, 15:17:55.380, 201669453273, vstest.console.dll, TestPluginCache.GetExtensionPaths: Added unfilterableExtensionPaths: 
TpTrace Information: 0 : 15528, 1, 2023/01/02, 15:17:55.380, 201669455591, vstest.console.dll, AssemblyResolver.AddSearchDirectories: Adding more searchDirectories C:\Program Files\dotnet\sdk\7.0.101\Extensions,C:\Program Files\dotnet\sdk\7.0.101
TpTrace Verbose: 0 : 15528, 1, 2023/01/02, 15:17:55.380, 201669456575, vstest.console.dll, TestPluginCache.DiscoverTestExtensions: Discovering the extensions using extension path.
TpTrace Verbose: 0 : 15528, 1, 2023/01/02, 15:17:55.380, 201669457168, vstest.console.dll, TestPluginCache.GetExtensionPaths: Filtered extension paths: 
TpTrace Verbose: 0 : 15528, 1, 2023/01/02, 15:17:55.380, 201669457586, vstest.console.dll, TestPluginCache.GetExtensionPaths: Added default extension paths: C:\Program Files\dotnet\sdk\7.0.101\Extensions\Microsoft.Diagnostics.NETCore.Client.dll
C:\Program Files\dotnet\sdk\7.0.101\Extensions\Microsoft.TestPlatform.Extensions.BlameDataCollector.dll
C:\Program Files\dotnet\sdk\7.0.101\Extensions\Microsoft.TestPlatform.Extensions.EventLogCollector.dll
C:\Program Files\dotnet\sdk\7.0.101\Extensions\Microsoft.TestPlatform.TestHostRuntimeProvider.dll
C:\Program Files\dotnet\sdk\7.0.101\Extensions\Microsoft.VisualStudio.TestPlatform.Extensions.Html.TestLogger.dll
C:\Program Files\dotnet\sdk\7.0.101\Extensions\Microsoft.VisualStudio.TestPlatform.Extensions.Trx.TestLogger.dll
TpTrace Verbose: 0 : 15528, 1, 2023/01/02, 15:17:55.380, 201669458340, vstest.console.dll, TestPluginCache.GetExtensionPaths: Added unfilterableExtensionPaths: 
TpTrace Verbose: 0 : 15528, 1, 2023/01/02, 15:17:55.380, 201669458870, vstest.console.dll, TestPluginCache.DiscoverTestExtensions: Discovering the extensions using allExtensionPaths: C:\Program Files\dotnet\sdk\7.0.101\Extensions\Microsoft.Diagnostics.NETCore.Client.dll
C:\Program Files\dotnet\sdk\7.0.101\Extensions\Microsoft.TestPlatform.Extensions.BlameDataCollector.dll
C:\Program Files\dotnet\sdk\7.0.101\Extensions\Microsoft.TestPlatform.Extensions.EventLogCollector.dll
C:\Program Files\dotnet\sdk\7.0.101\Extensions\Microsoft.TestPlatform.TestHostRuntimeProvider.dll
C:\Program Files\dotnet\sdk\7.0.101\Extensions\Microsoft.VisualStudio.TestPlatform.Extensions.Html.TestLogger.dll
C:\Program Files\dotnet\sdk\7.0.101\Extensions\Microsoft.VisualStudio.TestPlatform.Extensions.Trx.TestLogger.dll
TpTrace Information: 0 : 15528, 1, 2023/01/02, 15:17:55.380, 201669460736, vstest.console.dll, AssemblyResolver.AddSearchDirectories: Adding more searchDirectories C:\Program Files\dotnet\sdk\7.0.101\Extensions,C:\Program Files\dotnet\sdk\7.0.101
TpTrace Information: 0 : 15528, 1, 2023/01/02, 15:17:55.381, 201669461952, vstest.console.dll, AssemblyResolver.AddSearchDirectories: Adding more searchDirectories C:\Program Files\dotnet\sdk\7.0.101\Extensions,C:\Program Files\dotnet\sdk\7.0.101
TpTrace Information: 0 : 15528, 1, 2023/01/02, 15:17:55.381, 201669462765, vstest.console.dll, AssemblyResolver.AddSearchDirectories: Adding more searchDirectories C:\Program Files\dotnet\sdk\7.0.101\Extensions,C:\Program Files\dotnet\sdk\7.0.101
TpTrace Information: 0 : 15528, 1, 2023/01/02, 15:17:55.381, 201669463409, vstest.console.dll, AssemblyResolver.AddSearchDirectories: Adding more searchDirectories C:\Program Files\dotnet\sdk\7.0.101\Extensions,C:\Program Files\dotnet\sdk\7.0.101
TpTrace Information: 0 : 15528, 1, 2023/01/02, 15:17:55.381, 201669463822, vstest.console.dll, AssemblyResolver.AddSearchDirectories: Adding more searchDirectories C:\Program Files\dotnet\sdk\7.0.101\Extensions,C:\Program Files\dotnet\sdk\7.0.101
TpTrace Information: 0 : 15528, 1, 2023/01/02, 15:17:55.381, 201669464226, vstest.console.dll, AssemblyResolver.AddSearchDirectories: Adding more searchDirectories C:\Program Files\dotnet\sdk\7.0.101\Extensions,C:\Program Files\dotnet\sdk\7.0.101
TpTrace Verbose: 0 : 15528, 1, 2023/01/02, 15:17:55.381, 201669466438, vstest.console.dll, MetadataReaderExtensionsHelper: Discovering extensions inside assembly 'Microsoft.Diagnostics.NETCore.Client, Version=0.2.6.42401, Culture=neutral, PublicKeyToken=31bf3856ad364e35' file path 'C:\Program Files\dotnet\sdk\7.0.101\Extensions\Microsoft.Diagnostics.NETCore.Client.dll'
TpTrace Information: 0 : 15528, 1, 2023/01/02, 15:17:55.382, 201669478980, vstest.console.dll, AssemblyResolver.OnResolve: Microsoft.Bcl.AsyncInterfaces: Resolving assembly.
TpTrace Information: 0 : 15528, 1, 2023/01/02, 15:17:55.382, 201669480018, vstest.console.dll, AssemblyResolver.OnResolve: Microsoft.Bcl.AsyncInterfaces: Resolved from cache.
TpTrace Verbose: 0 : 15528, 1, 2023/01/02, 15:17:55.382, 201669480966, vstest.console.dll, CurrentDomainAssemblyResolve: Resolving assembly 'Microsoft.Bcl.AsyncInterfaces'.
TpTrace Information: 0 : 15528, 1, 2023/01/02, 15:17:55.383, 201669482143, vstest.console.dll, AssemblyResolver.OnResolve: Microsoft.Bcl.AsyncInterfaces: Resolving assembly.
TpTrace Information: 0 : 15528, 1, 2023/01/02, 15:17:55.383, 201669482672, vstest.console.dll, AssemblyResolver.OnResolve: Microsoft.Bcl.AsyncInterfaces: Resolved from cache.
TpTrace Verbose: 0 : 15528, 1, 2023/01/02, 15:17:55.383, 201669483045, vstest.console.dll, CurrentDomainAssemblyResolve: Resolving assembly 'Microsoft.Bcl.AsyncInterfaces'.
TpTrace Verbose: 0 : 15528, 1, 2023/01/02, 15:17:55.383, 201669483834, vstest.console.dll, CurrentDomainAssemblyResolve: Failed to resolve assembly 'Microsoft.Bcl.AsyncInterfaces'.
TpTrace Verbose: 0 : 15528, 1, 2023/01/02, 15:17:55.383, 201669485858, vstest.console.dll, CurrentDomainAssemblyResolve: Failed to resolve assembly 'Microsoft.Bcl.AsyncInterfaces'.
TpTrace Warning: 0 : 15528, 1, 2023/01/02, 15:17:55.384, 201669491355, vstest.console.dll, TestPluginDiscoverer: Failed to get types from assembly 'Microsoft.Diagnostics.NETCore.Client, Version=0.2.6.42401, Culture=neutral, PublicKeyToken=31bf3856ad364e35'. Error: System.Reflection.ReflectionTypeLoadException: Unable to load one or more of the requested types.
Could not load file or assembly 'Microsoft.Bcl.AsyncInterfaces, Version=1.0.0.0, Culture=neutral, PublicKeyToken=cc7b13ffcd2ddd51'. The system cannot find the file specified.
   at System.Reflection.RuntimeModule.GetTypes(RuntimeModule module)
   at System.Reflection.Assembly.GetTypes()
   at Microsoft.VisualStudio.TestPlatform.Common.ExtensionFramework.TestPluginDiscoverer.GetTestExtensionsFromAssembly[TPluginInfo,TExtension](Assembly assembly, Dictionary`2 pluginInfos, String filePath)
System.IO.FileNotFoundException: Could not load file or assembly 'Microsoft.Bcl.AsyncInterfaces, Version=1.0.0.0, Culture=neutral, PublicKeyToken=cc7b13ffcd2ddd51'. The system cannot find the file specified.
File name: 'Microsoft.Bcl.AsyncInterfaces, Version=1.0.0.0, Culture=neutral, PublicKeyToken=cc7b13ffcd2ddd51'
 ---> System.IO.FileNotFoundException: Could not load file or assembly 'Microsoft.Bcl.AsyncInterfaces, Culture=neutral, PublicKeyToken=null'. The system cannot find the file specified.
File name: 'Microsoft.Bcl.AsyncInterfaces, Culture=neutral, PublicKeyToken=null'
   at System.Reflection.RuntimeAssembly.InternalLoad(AssemblyName assemblyName, StackCrawlMark& stackMark, AssemblyLoadContext assemblyLoadContext, RuntimeAssembly requestingAssembly, Boolean throwOnFileNotFound)
   at System.Reflection.Assembly.Load(AssemblyName assemblyRef)
   at Microsoft.VisualStudio.TestPlatform.Common.ExtensionFramework.TestPluginCache.CurrentDomainAssemblyResolve(Object sender, AssemblyResolveEventArgs args)
   at System.Runtime.Loader.AssemblyLoadContext.GetFirstResolvedAssemblyFromResolvingEvent(AssemblyName assemblyName)
   at System.Runtime.Loader.AssemblyLoadContext.ResolveUsingEvent(AssemblyName assemblyName)
   at System.Runtime.Loader.AssemblyLoadContext.ResolveUsingResolvingEvent(IntPtr gchManagedAssemblyLoadContext, AssemblyName assemblyName)
TpTrace Warning: 0 : 15528, 1, 2023/01/02, 15:17:55.384, 201669493847, vstest.console.dll, LoaderExceptions: System.IO.FileNotFoundException: Could not load file or assembly 'Microsoft.Bcl.AsyncInterfaces, Version=1.0.0.0, Culture=neutral, PublicKeyToken=cc7b13ffcd2ddd51'. The system cannot find the file specified.
File name: 'Microsoft.Bcl.AsyncInterfaces, Version=1.0.0.0, Culture=neutral, PublicKeyToken=cc7b13ffcd2ddd51'
 ---> System.IO.FileNotFoundException: Could not load file or assembly 'Microsoft.Bcl.AsyncInterfaces, Culture=neutral, PublicKeyToken=null'. The system cannot find the file specified.
File name: 'Microsoft.Bcl.AsyncInterfaces, Culture=neutral, PublicKeyToken=null'
   at System.Reflection.RuntimeAssembly.InternalLoad(AssemblyName assemblyName, StackCrawlMark& stackMark, AssemblyLoadContext assemblyLoadContext, RuntimeAssembly requestingAssembly, Boolean throwOnFileNotFound)
   at System.Reflection.Assembly.Load(AssemblyName assemblyRef)
   at Microsoft.VisualStudio.TestPlatform.Common.ExtensionFramework.TestPluginCache.CurrentDomainAssemblyResolve(Object sender, AssemblyResolveEventArgs args)
   at System.Runtime.Loader.AssemblyLoadContext.GetFirstResolvedAssemblyFromResolvingEvent(AssemblyName assemblyName)
   at System.Runtime.Loader.AssemblyLoadContext.ResolveUsingEvent(AssemblyName assemblyName)
   at System.Runtime.Loader.AssemblyLoadContext.ResolveUsingResolvingEvent(IntPtr gchManagedAssemblyLoadContext, AssemblyName assemblyName)
TpTrace Verbose: 0 : 15528, 1, 2023/01/02, 15:17:55.384, 201669495303, vstest.console.dll, MetadataReaderExtensionsHelper: Discovering extensions inside assembly 'Microsoft.TestPlatform.Extensions.BlameDataCollector, Version=15.0.0.0, Culture=neutral, PublicKeyToken=b03f5f7f11d50a3a' file path 'C:\Program Files\dotnet\sdk\7.0.101\Extensions\Microsoft.TestPlatform.Extensions.BlameDataCollector.dll'
TpTrace Information: 0 : 15528, 1, 2023/01/02, 15:17:55.385, 201669507138, vstest.console.dll, GetTestExtensionFromType: Register extension with identifier data 'logger://Microsoft/TestPlatform/Extensions/Blame/v1' and type 'Microsoft.TestPlatform.Extensions.BlameDataCollector.BlameLogger, Microsoft.TestPlatform.Extensions.BlameDataCollector, Version=15.0.0.0, Culture=neutral, PublicKeyToken=b03f5f7f11d50a3a' inside file 'C:\Program Files\dotnet\sdk\7.0.101\Extensions\Microsoft.TestPlatform.Extensions.BlameDataCollector.dll'
TpTrace Verbose: 0 : 15528, 1, 2023/01/02, 15:17:55.385, 201669508698, vstest.console.dll, MetadataReaderExtensionsHelper: Discovering extensions inside assembly 'Microsoft.TestPlatform.Extensions.EventLogCollector, Version=15.0.0.0, Culture=neutral, PublicKeyToken=b03f5f7f11d50a3a' file path 'C:\Program Files\dotnet\sdk\7.0.101\Extensions\Microsoft.TestPlatform.Extensions.EventLogCollector.dll'
TpTrace Verbose: 0 : 15528, 1, 2023/01/02, 15:17:55.386, 201669517243, vstest.console.dll, MetadataReaderExtensionsHelper: Discovering extensions inside assembly 'Microsoft.TestPlatform.TestHostRuntimeProvider, Version=15.0.0.0, Culture=neutral, PublicKeyToken=b03f5f7f11d50a3a' file path 'C:\Program Files\dotnet\sdk\7.0.101\Extensions\Microsoft.TestPlatform.TestHostRuntimeProvider.dll'
TpTrace Verbose: 0 : 15528, 1, 2023/01/02, 15:17:55.387, 201669525082, vstest.console.dll, MetadataReaderExtensionsHelper: Discovering extensions inside assembly 'Microsoft.VisualStudio.TestPlatform.Extensions.Html.TestLogger, Version=15.0.0.0, Culture=neutral, PublicKeyToken=b03f5f7f11d50a3a' file path 'C:\Program Files\dotnet\sdk\7.0.101\Extensions\Microsoft.VisualStudio.TestPlatform.Extensions.Html.TestLogger.dll'
TpTrace Information: 0 : 15528, 1, 2023/01/02, 15:17:55.388, 201669536442, vstest.console.dll, GetTestExtensionFromType: Register extension with identifier data 'logger://Microsoft/TestPlatform/HtmlLogger/v1' and type 'Microsoft.VisualStudio.TestPlatform.Extensions.HtmlLogger.HtmlLogger, Microsoft.VisualStudio.TestPlatform.Extensions.Html.TestLogger, Version=15.0.0.0, Culture=neutral, PublicKeyToken=b03f5f7f11d50a3a' inside file 'C:\Program Files\dotnet\sdk\7.0.101\Extensions\Microsoft.VisualStudio.TestPlatform.Extensions.Html.TestLogger.dll'
TpTrace Verbose: 0 : 15528, 1, 2023/01/02, 15:17:55.388, 201669537915, vstest.console.dll, MetadataReaderExtensionsHelper: Discovering extensions inside assembly 'Microsoft.VisualStudio.TestPlatform.Extensions.Trx.TestLogger, Version=15.0.0.0, Culture=neutral, PublicKeyToken=b03f5f7f11d50a3a' file path 'C:\Program Files\dotnet\sdk\7.0.101\Extensions\Microsoft.VisualStudio.TestPlatform.Extensions.Trx.TestLogger.dll'
TpTrace Information: 0 : 15528, 1, 2023/01/02, 15:17:55.389, 201669549382, vstest.console.dll, GetTestExtensionFromType: Register extension with identifier data 'logger://Microsoft/TestPlatform/TrxLogger/v1' and type 'Microsoft.VisualStudio.TestPlatform.Extensions.TrxLogger.TrxLogger, Microsoft.VisualStudio.TestPlatform.Extensions.Trx.TestLogger, Version=15.0.0.0, Culture=neutral, PublicKeyToken=b03f5f7f11d50a3a' inside file 'C:\Program Files\dotnet\sdk\7.0.101\Extensions\Microsoft.VisualStudio.TestPlatform.Extensions.Trx.TestLogger.dll'
TpTrace Verbose: 0 : 15528, 1, 2023/01/02, 15:17:55.390, 201669551812, vstest.console.dll, TestPluginCache: Discovered the extensions using extension path ''.
TpTrace Verbose: 0 : 15528, 1, 2023/01/02, 15:17:55.390, 201669552728, vstest.console.dll, TestPluginCache: Discoverers are ''.
TpTrace Verbose: 0 : 15528, 1, 2023/01/02, 15:17:55.390, 201669553423, vstest.console.dll, TestPluginCache: Executors are ''.
TpTrace Verbose: 0 : 15528, 1, 2023/01/02, 15:17:55.390, 201669554105, vstest.console.dll, TestPluginCache: Executors2 are ''.
TpTrace Verbose: 0 : 15528, 1, 2023/01/02, 15:17:55.390, 201669554692, vstest.console.dll, TestPluginCache: Setting providers are ''.
TpTrace Verbose: 0 : 15528, 1, 2023/01/02, 15:17:55.390, 201669556423, vstest.console.dll, TestPluginCache: Loggers are 'logger://Microsoft/TestPlatform/Extensions/Blame/v1,logger://Microsoft/TestPlatform/HtmlLogger/v1,logger://Microsoft/TestPlatform/TrxLogger/v1'.
TpTrace Verbose: 0 : 15528, 1, 2023/01/02, 15:17:55.390, 201669557708, vstest.console.dll, TestPluginCache: TestHosts are 'HostProvider://DefaultTestHost,HostProvider://DotnetTestHost'.
TpTrace Verbose: 0 : 15528, 1, 2023/01/02, 15:17:55.390, 201669558494, vstest.console.dll, TestPluginCache: DataCollectors are ''.
TpTrace Information: 0 : 15528, 1, 2023/01/02, 15:17:55.393, 201669581425, vstest.console.dll, TestPluginManager.CreateTestExtension: Attempting to load test extension: Microsoft.TestPlatform.Extensions.BlameDataCollector.BlameLogger
TpTrace Verbose: 0 : 15528, 1, 2023/01/02, 15:17:55.474, 201670393360, vstest.console.dll, TestEngine: Initializing Parallel Execution as MaxCpuCount is set to: 1
TpTrace Information: 0 : 15528, 1, 2023/01/02, 15:17:55.485, 201670505657, vstest.console.dll, TestPluginManager.CreateTestExtension: Attempting to load test extension: Microsoft.VisualStudio.TestPlatform.CrossPlatEngine.Hosting.DefaultTestHostManager
TpTrace Information: 0 : 15528, 1, 2023/01/02, 15:17:55.487, 201670524954, vstest.console.dll, TestPluginManager.CreateTestExtension: Attempting to load test extension: Microsoft.VisualStudio.TestPlatform.CrossPlatEngine.Hosting.DotnetTestHostManager
TpTrace Information: 0 : 15528, 1, 2023/01/02, 15:17:55.488, 201670535379, vstest.console.dll, InferRunSettingsHelper.IsTestSettingsEnabled: Unable to navigate to RunSettings/MSTest. Current node: RunSettings
TpTrace Verbose: 0 : 15528, 1, 2023/01/02, 15:17:55.497, 201670625853, vstest.console.dll, TestEngine.GetExecutionManager: Chosen execution manager 'Microsoft.VisualStudio.TestPlatform.CrossPlatEngine.Client.Parallel.ParallelProxyExecutionManager, Microsoft.TestPlatform.CrossPlatEngine, Version=15.0.0.0, Culture=neutral, PublicKeyToken=b03f5f7f11d50a3a' ParallelLevel '1'.
TpTrace Verbose: 0 : 15528, 1, 2023/01/02, 15:17:55.497, 201670628746, vstest.console.dll, TestRunRequest.ExecuteAsync: Creating test run request.
TpTrace Verbose: 0 : 15528, 1, 2023/01/02, 15:17:55.498, 201670633650, vstest.console.dll, TestRunRequest.ExecuteAsync: Starting.
TpTrace Information: 0 : 15528, 1, 2023/01/02, 15:17:55.511, 201670761340, vstest.console.dll, TestRunRequest.ExecuteAsync: Starting run with settings:TestRunCriteria:
   KeepAlive=False,FrequencyOfRunStatsChangeEvent=10,RunStatsChangeEventTimeout=00:00:01.5000000,TestCaseFilter=,TestExecutorLauncher=
   Settingsxml=<RunSettings>
  <RunConfiguration>
    <ResultsDirectory>C:\Users\Dell\source\repos\Petzey.ProfileView.API\Petzey.ProfileView.DataTests\bin\Debug\net6.0\fine-code-coverage\coverage-tool-output</ResultsDirectory>
    <TargetPlatform>X64</TargetPlatform>
    <TargetFrameworkVersion>.NETCoreApp,Version=v6.0</TargetFrameworkVersion>
    <DesignMode>False</DesignMode>
    <CollectSourceInformation>False</CollectSourceInformation>
  </RunConfiguration>
  <LoggerRunSettings>
    <Loggers>
      <Logger friendlyName="blame" enabled="True" />
      <Logger friendlyName="Console" uri="logger://microsoft/TestPlatform/ConsoleLogger/v1" assemblyQualifiedName="Microsoft.VisualStudio.TestPlatform.CommandLine.Internal.ConsoleLogger, vstest.console, Version=15.0.0.0, Culture=neutral, PublicKeyToken=b03f5f7f11d50a3a" codeBase="C:\Program Files\dotnet\sdk\7.0.101\vstest.console.dll" enabled="True" />
    </Loggers>
  </LoggerRunSettings>
  <DataCollectionRunSettings>
    <DataCollectors>
      <DataCollector friendlyName="blame" enabled="True">
        <Configuration>
          <ResultsDirectory>C:\Users\Dell\source\repos\Petzey.ProfileView.API\Petzey.ProfileView.DataTests\bin\Debug\net6.0\fine-code-coverage\coverage-tool-output</ResultsDirectory>
        </Configuration>
      </DataCollector>
    </DataCollectors>
  </DataCollectionRunSettings>
</RunSettings>

TpTrace Verbose: 0 : 15528, 1, 2023/01/02, 15:17:55.511, 201670762984, vstest.console.dll, TestRunRequest.ExecuteAsync: Wait for the first run request is over.
TpTrace Verbose: 0 : 15528, 1, 2023/01/02, 15:17:55.511, 201670768943, vstest.console.dll, MulticastDelegateUtilities.SafeInvoke: TestRun.TestRunStart: Invoking callbacks was skipped because there are no subscribers.
TpTrace Verbose: 0 : 15528, 4, 2023/01/02, 15:17:55.512, 201670773194, vstest.console.dll, MulticastDelegateUtilities.SafeInvoke: InternalTestLoggerEvents.SendTestRunStart: Invoking callback 1/1 for Microsoft.VisualStudio.TestPlatform.CommandLine.Internal.ConsoleLogger., took 0 ms.
TpTrace Verbose: 0 : 15528, 1, 2023/01/02, 15:17:55.514, 201670799431, vstest.console.dll, ParallelProxyExecutionManager: Start execution. Total sources: 1
TpTrace Verbose: 0 : 15528, 1, 2023/01/02, 15:17:55.517, 201670827972, vstest.console.dll, TestRequestSender is acting as server.
TpTrace Verbose: 0 : 15528, 1, 2023/01/02, 15:17:55.523, 201670882023, vstest.console.dll, DataCollectionRequestSender.InitializeCommunication : Initialize communication. 
TpTrace Information: 0 : 15528, 1, 2023/01/02, 15:17:55.603, 201671682198, vstest.console.dll, Listening on Endpoint : 127.0.0.1:58540
TpTrace Verbose: 0 : 15528, 1, 2023/01/02, 15:17:55.655, 201672210850, vstest.console.dll, DotnetDataCollectionLauncher: Adding  --runtimeconfig "C:\Program Files\dotnet\sdk\7.0.101\datacollector.runtimeconfig.json" in args
TpTrace Verbose: 0 : 15528, 1, 2023/01/02, 15:17:55.656, 201672213823, vstest.console.dll, DotnetDataCollectionLauncher: Adding  --depsfile "C:\Program Files\dotnet\sdk\7.0.101\datacollector.deps.json" in args
TpTrace Verbose: 0 : 15528, 1, 2023/01/02, 15:17:55.656, 201672218748, vstest.console.dll, DotnetDataCollectionLauncher: Full path of dotnet.exe is C:\Program Files\dotnet\dotnet.exe
TpTrace Information: 0 : 15528, 1, 2023/01/02, 15:17:55.674, 201672401006, vstest.console.dll, ProxyDataCollectionManager.Initialize: Launched datacollector processId: 23120 port: 58540
TpTrace Information: 0 : 15528, 1, 2023/01/02, 15:17:55.675, 201672403428, vstest.console.dll, ProxyDataCollectionManager.Initialize: waiting for connection with timeout: 90 seconds
TpTrace Verbose: 0 : 15528, 1, 2023/01/02, 15:17:55.675, 201672404585, vstest.console.dll, DataCollectionRequestSender.WaitForRequestHandlerConnection : Waiting for connection with timeout: 90000
TpTrace Information: 0 : 15528, 7, 2023/01/02, 15:17:56.377, 201679431152, vstest.console.dll, Using the buffer size of 16384 bytes
TpTrace Verbose: 0 : 15528, 1, 2023/01/02, 15:17:56.378, 201679431267, vstest.console.dll, SocketCommunicationManager.WaitForClientConnection took: 702 ms, with 90000 ms timeout, and finished with True.
TpTrace Information: 0 : 15528, 7, 2023/01/02, 15:17:56.378, 201679433262, vstest.console.dll, Accepted Client request and set the flag
TpTrace Verbose: 0 : 15528, 1, 2023/01/02, 15:17:56.378, 201679435399, vstest.console.dll, ProxyDataCollectionManager.InvokeDataCollectionServiceAction: Starting.
TpTrace Information: 0 : 15528, 1, 2023/01/02, 15:17:56.378, 201679437338, vstest.console.dll, ProxyDataCollectionManager.BeforeTestRunStart: Get environment variable and port for datacollector processId: 23120 port: 58540
TpTrace Verbose: 0 : 15528, 1, 2023/01/02, 15:17:56.378, 201679439634, vstest.console.dll, DataCollectionRequestSender.SendBeforeTestRunStartAndGetResult: Send BeforeTestRunStart message with settingsXml <RunSettings><RunConfiguration><ResultsDirectory>C:\Users\Dell\source\repos\Petzey.ProfileView.API\Petzey.ProfileView.DataTests\bin\Debug\net6.0\fine-code-coverage\coverage-tool-output</ResultsDirectory><TargetPlatform>X64</TargetPlatform><TargetFrameworkVersion>.NETCoreApp,Version=v6.0</TargetFrameworkVersion><DesignMode>False</DesignMode><CollectSourceInformation>False</CollectSourceInformation><TestAdaptersPaths>C:\Program Files\dotnet\sdk\7.0.101\Extensions</TestAdaptersPaths></RunConfiguration><LoggerRunSettings><Loggers><Logger friendlyName="blame" enabled="True" /><Logger friendlyName="Console" uri="logger://microsoft/TestPlatform/ConsoleLogger/v1" assemblyQualifiedName="Microsoft.VisualStudio.TestPlatform.CommandLine.Internal.ConsoleLogger, vstest.console, Version=15.0.0.0, Culture=neutral, PublicKeyToken=b03f5f7f11d50a3a" codeBase="C:\Program Files\dotnet\sdk\7.0.101\vstest.console.dll" enabled="True" /></Loggers></LoggerRunSettings><DataCollectionRunSettings><DataCollectors><DataCollector friendlyName="blame" enabled="True"><Configuration><ResultsDirectory>C:\Users\Dell\source\repos\Petzey.ProfileView.API\Petzey.ProfileView.DataTests\bin\Debug\net6.0\fine-code-coverage\coverage-tool-output</ResultsDirectory></Configuration></DataCollector></DataCollectors></DataCollectionRunSettings></RunSettings> and sources System.Collections.Generic.List`1[System.String]: 
TpTrace Verbose: 0 : 15528, 1, 2023/01/02, 15:17:57.598, 201691636878, vstest.console.dll, DataCollectionRequestSender.SendBeforeTestRunStartAndGetResult: Received message: (DataCollection.SendMessage) -> {"MessageType":"DataCollection.SendMessage","Payload":{"FriendlyName":null,"Uri":null,"TestCaseId":"00000000-0000-0000-0000-000000000000","Message":"Logging DataCollector Diagnostics in file: C:\\Users\\Dell\\source\\repos\\Petzey.ProfileView.API\\Petzey.ProfileView.DataTests\\bin\\Debug\\net6.0\\fine-code-coverage\\coverage-tool-output\\diagnostics.datacollector.23-01-02_15-17-55_65539_1.log","Level":0}}
TpTrace Verbose: 0 : 15528, 1, 2023/01/02, 15:17:57.988, 201695541015, vstest.console.dll, DataCollectionRequestSender.SendBeforeTestRunStartAndGetResult: Received message: (DataCollection.BeforeTestRunStartResult) -> {"MessageType":"DataCollection.BeforeTestRunStartResult","Payload":{"EnvironmentVariables":{},"DataCollectionEventsPort":58544}}
TpTrace Information: 0 : 15528, 1, 2023/01/02, 15:17:57.997, 201695622913, vstest.console.dll, ProxyDataCollectionManager.BeforeTestRunStart: SendBeforeTestRunStartAndGetResult successful, env variable from datacollector:   and testhost port: 58544
TpTrace Information: 0 : 15528, 1, 2023/01/02, 15:17:57.997, 201695624178, vstest.console.dll, ProxyDataCollectionManager.InvokeDataCollectionServiceAction: Completed.
TpTrace Verbose: 0 : 15528, 7, 2023/01/02, 15:17:57.997, 201695627431, vstest.console.dll, ParallelProxyExecutionManager: Execution started. Started clients: 1
TpTrace Verbose: 0 : 15528, 1, 2023/01/02, 15:17:57.997, 201695627646, vstest.console.dll, ProxyParallelExecutionManager: No sources available for execution.
TpTrace Information: 0 : 15528, 1, 2023/01/02, 15:17:57.997, 201695629575, vstest.console.dll, TestRunRequest.ExecuteAsync: Started.
TpTrace Verbose: 0 : 15528, 1, 2023/01/02, 15:17:58.021, 201695869083, vstest.console.dll, TestRunRequest.WaitForCompletion: Waiting with timeout -1.
TpTrace Verbose: 0 : 15528, 7, 2023/01/02, 15:17:58.023, 201695883883, vstest.console.dll, TestRunRequest:SendTestRunMessage: Starting.
TpTrace Verbose: 0 : 15528, 7, 2023/01/02, 15:17:58.023, 201695886163, vstest.console.dll, MulticastDelegateUtilities.SafeInvoke: TestRun.LogMessages: Invoking callback 1/1 for Microsoft.VisualStudio.TestPlatform.CommandLine.TestRunResultAggregator., took 0 ms.
TpTrace Verbose: 0 : 15528, 4, 2023/01/02, 15:17:58.023, 201695886163, vstest.console.dll, MulticastDelegateUtilities.SafeInvoke: InternalTestLoggerEvents.SendTestRunMessage: Invoking callback 1/1 for Microsoft.VisualStudio.TestPlatform.CommandLine.Internal.ConsoleLogger., took 0 ms.
TpTrace Information: 0 : 15528, 7, 2023/01/02, 15:17:58.023, 201695886903, vstest.console.dll, TestRunRequest:SendTestRunMessage: Completed.
TpTrace Verbose: 0 : 15528, 7, 2023/01/02, 15:17:58.023, 201695890739, vstest.console.dll, ProxyExecutionManager: Test host is always Lazy initialize.
TpTrace Verbose: 0 : 15528, 7, 2023/01/02, 15:17:58.025, 201695901663, vstest.console.dll, TestRequestSender.InitializeCommunication: initialize communication. 
TpTrace Information: 0 : 15528, 7, 2023/01/02, 15:17:58.046, 201696114315, vstest.console.dll, SocketServer.Start: Listening on endpoint : 127.0.0.1:58545
TpTrace Verbose: 0 : 15528, 7, 2023/01/02, 15:17:58.048, 201696136450, vstest.console.dll, DotnetTestHostmanager.GetTestHostProcessStartInfo: Platform environment 'X64' target architecture 'X64' framework '.NETCoreApp,Version=v6.0' OS 'Windows'
TpTrace Verbose: 0 : 15528, 7, 2023/01/02, 15:17:58.073, 201696387104, vstest.console.dll, DotnetTestHostmanager: Adding  --runtimeconfig "C:\Users\Dell\source\repos\Petzey.ProfileView.API\Petzey.ProfileView.DataTests\bin\Debug\net6.0\fine-code-coverage\build-output\Petzey.ProfileView.DataTests.runtimeconfig.json" in args
TpTrace Verbose: 0 : 15528, 7, 2023/01/02, 15:17:58.073, 201696389150, vstest.console.dll, DotnetTestHostmanager: Adding  --depsfile "C:\Users\Dell\source\repos\Petzey.ProfileView.API\Petzey.ProfileView.DataTests\bin\Debug\net6.0\fine-code-coverage\build-output\Petzey.ProfileView.DataTests.deps.json" in args
TpTrace Verbose: 0 : 15528, 7, 2023/01/02, 15:17:58.074, 201696393263, vstest.console.dll, DotnetTestHostmanager.IsWinOnArm: Current PROCESSOR_ARCHITECTURE from environment variable 'AMD64'
TpTrace Verbose: 0 : 15528, 7, 2023/01/02, 15:17:58.074, 201696394186, vstest.console.dll, DotnetTestHostmanager.IsWinOnArm: Is Windows on ARM 'False'
TpTrace Verbose: 0 : 15528, 7, 2023/01/02, 15:17:58.074, 201696395573, vstest.console.dll, DotnetTestHostManager: testhost.exe found at path: C:\Users\Dell\source\repos\Petzey.ProfileView.API\Petzey.ProfileView.DataTests\bin\Debug\net6.0\fine-code-coverage\build-output\testhost.exe
TpTrace Verbose: 0 : 15528, 7, 2023/01/02, 15:17:58.074, 201696396233, vstest.console.dll, DotnetTestHostmanager: Full path of host exe is C:\Users\Dell\source\repos\Petzey.ProfileView.API\Petzey.ProfileView.DataTests\bin\Debug\net6.0\fine-code-coverage\build-output\testhost.exe
TpTrace Verbose: 0 : 15528, 7, 2023/01/02, 15:17:58.074, 201696398139, vstest.console.dll, DotnetTestHostmanager.LaunchTestHostAsync: Found 'VSTEST_WINAPPHOST_DOTNET_ROOT' in env variables, value 'C:\Program Files\dotnet', forwarding to 'DOTNET_ROOT'
TpTrace Verbose: 0 : 15528, 7, 2023/01/02, 15:17:58.075, 201696401593, vstest.console.dll, DotnetTestHostManager: Starting process 'C:\Users\Dell\source\repos\Petzey.ProfileView.API\Petzey.ProfileView.DataTests\bin\Debug\net6.0\fine-code-coverage\build-output\testhost.exe' with command line ' --runtimeconfig "C:\Users\Dell\source\repos\Petzey.ProfileView.API\Petzey.ProfileView.DataTests\bin\Debug\net6.0\fine-code-coverage\build-output\Petzey.ProfileView.DataTests.runtimeconfig.json" --depsfile "C:\Users\Dell\source\repos\Petzey.ProfileView.API\Petzey.ProfileView.DataTests\bin\Debug\net6.0\fine-code-coverage\build-output\Petzey.ProfileView.DataTests.deps.json" --port 58545 --endpoint 127.0.0.1:058545 --role client --parentprocessid 15528 --diag "C:\Users\Dell\source\repos\Petzey.ProfileView.API\Petzey.ProfileView.DataTests\bin\Debug\net6.0\fine-code-coverage\coverage-tool-output\diagnostics.host.23-01-02_15-17-58_04738_7.log" --tracelevel 4 --datacollectionport 58544 --telemetryoptedin false'
TpTrace Verbose: 0 : 15528, 7, 2023/01/02, 15:17:58.143, 201697086713, vstest.console.dll, MulticastDelegateUtilities.SafeInvoke: HostProviderEvents.OnHostLaunched: Invoking callback 1/2 for Microsoft.VisualStudio.TestPlatform.CrossPlatEngine.Client.ProxyExecutionManagerWithDataCollection., took 20 ms.
TpTrace Verbose: 0 : 15528, 7, 2023/01/02, 15:17:58.144, 201697091812, vstest.console.dll, Test Runtime launched
TpTrace Verbose: 0 : 15528, 7, 2023/01/02, 15:17:58.144, 201697093093, vstest.console.dll, MulticastDelegateUtilities.SafeInvoke: HostProviderEvents.OnHostLaunched: Invoking callback 2/2 for Microsoft.VisualStudio.TestPlatform.CrossPlatEngine.Client.ProxyOperationManager., took 0 ms.
TpTrace Verbose: 0 : 15528, 7, 2023/01/02, 15:17:58.144, 201697096886, vstest.console.dll, TestRequestSender.WaitForRequestHandlerConnection: waiting for connection with timeout: 90000.
TpTrace Verbose: 0 : 15528, 11, 2023/01/02, 15:17:59.273, 201708387569, vstest.console.dll, MulticastDelegateUtilities.SafeInvoke: SocketServer: ClientConnected: Invoking callback 1/1 for Microsoft.VisualStudio.TestPlatform.CommunicationUtilities.TestRequestSender., took 0 ms.
TpTrace Verbose: 0 : 15528, 7, 2023/01/02, 15:17:59.273, 201708387569, vstest.console.dll, TestRequestSender.WaitForRequestHandlerConnection: waiting took 1128 ms, with timeout 90000 ms, and result 0, which is success.
TpTrace Verbose: 0 : 15528, 11, 2023/01/02, 15:17:59.273, 201708389080, vstest.console.dll, SocketServer.OnClientConnected: Client connected for endPoint: 127.0.0.1:58545, starting MessageLoopAsync:
TpTrace Verbose: 0 : 15528, 11, 2023/01/02, 15:17:59.274, 201708393431, vstest.console.dll, TcpClientExtensions.MessageLoopAsync: Polling on remoteEndPoint: 127.0.0.1:58546 localEndPoint: 127.0.0.1:58545
TpTrace Verbose: 0 : 15528, 7, 2023/01/02, 15:17:59.275, 201708408527, vstest.console.dll, TestRequestSender.CheckVersionWithTestHost: Sending check version message: {"MessageType":"ProtocolVersion","Payload":7}
TpTrace Verbose: 0 : 15528, 11, 2023/01/02, 15:17:59.688, 201712541192, vstest.console.dll, TcpClientExtensions.MessageLoopAsync: NotifyDataAvailable remoteEndPoint: 127.0.0.1:58546 localEndPoint: 127.0.0.1:58545
TpTrace Verbose: 0 : 15528, 11, 2023/01/02, 15:17:59.689, 201712546546, vstest.console.dll, TestRequestSender.CheckVersionWithTestHost: onMessageReceived received message: (ProtocolVersion) -> {"MessageType":"ProtocolVersion","Payload":7}
TpTrace Verbose: 0 : 15528, 11, 2023/01/02, 15:17:59.691, 201712563340, vstest.console.dll, MulticastDelegateUtilities.SafeInvoke: LengthPrefixCommunicationChannel: MessageReceived: Invoking callback 1/1 for Microsoft.VisualStudio.TestPlatform.CommunicationUtilities.TestRequestSender+<>c__DisplayClass26_0., took 1 ms.
TpTrace Verbose: 0 : 15528, 7, 2023/01/02, 15:17:59.691, 201712564697, vstest.console.dll, TestPluginCache.GetExtensionPaths: Filtered extension paths: 
TpTrace Verbose: 0 : 15528, 11, 2023/01/02, 15:17:59.691, 201712565478, vstest.console.dll, TcpClientExtensions.MessageLoopAsync: Polling on remoteEndPoint: 127.0.0.1:58546 localEndPoint: 127.0.0.1:58545
TpTrace Verbose: 0 : 15528, 7, 2023/01/02, 15:17:59.691, 201712566416, vstest.console.dll, TestPluginCache.GetExtensionPaths: Added default extension paths: C:\Program Files\dotnet\sdk\7.0.101\Extensions\Microsoft.Diagnostics.NETCore.Client.dll
C:\Program Files\dotnet\sdk\7.0.101\Extensions\Microsoft.TestPlatform.Extensions.BlameDataCollector.dll
C:\Program Files\dotnet\sdk\7.0.101\Extensions\Microsoft.TestPlatform.Extensions.EventLogCollector.dll
C:\Program Files\dotnet\sdk\7.0.101\Extensions\Microsoft.TestPlatform.TestHostRuntimeProvider.dll
C:\Program Files\dotnet\sdk\7.0.101\Extensions\Microsoft.VisualStudio.TestPlatform.Extensions.Html.TestLogger.dll
C:\Program Files\dotnet\sdk\7.0.101\Extensions\Microsoft.VisualStudio.TestPlatform.Extensions.Trx.TestLogger.dll
TpTrace Verbose: 0 : 15528, 7, 2023/01/02, 15:17:59.691, 201712567783, vstest.console.dll, TestPluginCache.GetExtensionPaths: Added unfilterableExtensionPaths: 
TpTrace Verbose: 0 : 15528, 7, 2023/01/02, 15:17:59.701, 201712662943, vstest.console.dll, TestRequestSender.InitializeExecution: Sending initialize execution with message: {"Version":7,"MessageType":"TestExecution.Initialize","Payload":["C:\\Users\\Dell\\source\\repos\\Petzey.ProfileView.API\\Petzey.ProfileView.DataTests\\bin\\Debug\\net6.0\\fine-code-coverage\\build-output\\Microsoft.VisualStudio.TestPlatform.MSTest.TestAdapter.dll"]}
TpTrace Warning: 0 : 15528, 7, 2023/01/02, 15:17:59.702, 201712673965, vstest.console.dll, InferRunSettingsHelper.MakeRunsettingsCompatible: Removing the following settings: TargetPlatform from RunSettings file. To use those settings please move to latest version of Microsoft.NET.Test.Sdk
TpTrace Verbose: 0 : 15528, 11, 2023/01/02, 15:17:59.719, 201712850340, vstest.console.dll, TcpClientExtensions.MessageLoopAsync: NotifyDataAvailable remoteEndPoint: 127.0.0.1:58546 localEndPoint: 127.0.0.1:58545
TpTrace Verbose: 0 : 15528, 11, 2023/01/02, 15:17:59.720, 201712857731, vstest.console.dll, TestRequestSender.OnExecutionMessageReceived: Received message: {"Version":7,"MessageType":"TestSession.Message","Payload":{"MessageLevel":0,"Message":"Logging TestHost Diagnostics in file: C:\\Users\\Dell\\source\\repos\\Petzey.ProfileView.API\\Petzey.ProfileView.DataTests\\bin\\Debug\\net6.0\\fine-code-coverage\\coverage-tool-output\\diagnostics.host.23-01-02_15-17-58_04738_7.log"}}
TpTrace Verbose: 0 : 15528, 11, 2023/01/02, 15:17:59.737, 201713022673, vstest.console.dll, TestRunRequest:SendTestRunMessage: Starting.
TpTrace Verbose: 0 : 15528, 11, 2023/01/02, 15:17:59.738, 201713035475, vstest.console.dll, MulticastDelegateUtilities.SafeInvoke: TestRun.LogMessages: Invoking callback 1/1 for Microsoft.VisualStudio.TestPlatform.CommandLine.TestRunResultAggregator., took 0 ms.
TpTrace Verbose: 0 : 15528, 4, 2023/01/02, 15:17:59.738, 201713035475, vstest.console.dll, MulticastDelegateUtilities.SafeInvoke: InternalTestLoggerEvents.SendTestRunMessage: Invoking callback 1/1 for Microsoft.VisualStudio.TestPlatform.CommandLine.Internal.ConsoleLogger., took 0 ms.
TpTrace Information: 0 : 15528, 11, 2023/01/02, 15:17:59.738, 201713037884, vstest.console.dll, TestRunRequest:SendTestRunMessage: Completed.
TpTrace Verbose: 0 : 15528, 11, 2023/01/02, 15:17:59.784, 201713499882, vstest.console.dll, MulticastDelegateUtilities.SafeInvoke: LengthPrefixCommunicationChannel: MessageReceived: Invoking callback 1/1 for Microsoft.VisualStudio.TestPlatform.CommunicationUtilities.TestRequestSender+<>c__DisplayClass31_0., took 64 ms.
TpTrace Verbose: 0 : 15528, 11, 2023/01/02, 15:17:59.785, 201713501448, vstest.console.dll, TcpClientExtensions.MessageLoopAsync: Polling on remoteEndPoint: 127.0.0.1:58546 localEndPoint: 127.0.0.1:58545
TpTrace Verbose: 0 : 15528, 7, 2023/01/02, 15:17:59.786, 201713512902, vstest.console.dll, TestRequestSender.StartTestRun: Sending test run with message: {"Version":7,"MessageType":"TestExecution.StartWithSources","Payload":{"AdapterSourceMap":{"_none_":["C:\\Users\\Dell\\source\\repos\\Petzey.ProfileView.API\\Petzey.ProfileView.DataTests\\bin\\Debug\\net6.0\\fine-code-coverage\\build-output\\Petzey.ProfileView.DataTests.dll"]},"RunSettings":"<RunSettings>\r\n  <RunConfiguration>\r\n    <ResultsDirectory>C:\\Users\\Dell\\source\\repos\\Petzey.ProfileView.API\\Petzey.ProfileView.DataTests\\bin\\Debug\\net6.0\\fine-code-coverage\\coverage-tool-output</ResultsDirectory>\r\n    <TargetFrameworkVersion>.NETCoreApp,Version=v6.0</TargetFrameworkVersion>\r\n    <DesignMode>False</DesignMode>\r\n    <CollectSourceInformation>False</CollectSourceInformation>\r\n  </RunConfiguration>\r\n  <LoggerRunSettings>\r\n    <Loggers>\r\n      <Logger friendlyName=\"blame\" enabled=\"True\" />\r\n      <Logger friendlyName=\"Console\" uri=\"logger://microsoft/TestPlatform/ConsoleLogger/v1\" assemblyQualifiedName=\"Microsoft.VisualStudio.TestPlatform.CommandLine.Internal.ConsoleLogger, vstest.console, Version=15.0.0.0, Culture=neutral, PublicKeyToken=b03f5f7f11d50a3a\" codeBase=\"C:\\Program Files\\dotnet\\sdk\\7.0.101\\vstest.console.dll\" enabled=\"True\" />\r\n    </Loggers>\r\n  </LoggerRunSettings>\r\n  <DataCollectionRunSettings>\r\n    <DataCollectors>\r\n      <DataCollector friendlyName=\"blame\" enabled=\"True\">\r\n        <Configuration>\r\n          <ResultsDirectory>C:\\Users\\Dell\\source\\repos\\Petzey.ProfileView.API\\Petzey.ProfileView.DataTests\\bin\\Debug\\net6.0\\fine-code-coverage\\coverage-tool-output</ResultsDirectory>\r\n        </Configuration>\r\n      </DataCollector>\r\n    </DataCollectors>\r\n  </DataCollectionRunSettings>\r\n</RunSettings>","TestExecutionContext":{"FrequencyOfRunStatsChangeEvent":10,"RunStatsChangeEventTimeout":"00:00:01.5000000","InIsolation":false,"KeepAlive":false,"AreTestCaseLevelEventsRequired":false,"IsDebug":false,"TestCaseFilter":null,"FilterOptions":null},"Package":null}}
TpTrace Verbose: 0 : 15528, 11, 2023/01/02, 15:18:00.799, 201723641905, vstest.console.dll, TcpClientExtensions.MessageLoopAsync: Polling on remoteEndPoint: 127.0.0.1:58546 localEndPoint: 127.0.0.1:58545
TpTrace Verbose: 0 : 15528, 11, 2023/01/02, 15:18:01.542, 201731078366, vstest.console.dll, TcpClientExtensions.MessageLoopAsync: NotifyDataAvailable remoteEndPoint: 127.0.0.1:58546 localEndPoint: 127.0.0.1:58545
TpTrace Verbose: 0 : 15528, 11, 2023/01/02, 15:18:01.542, 201731081109, vstest.console.dll, TestRequestSender.OnExecutionMessageReceived: Received message: {"Version":7,"MessageType":"TestExecution.StatsChange","Payload":{"NewTestResults":[],"TestRunStatistics":{"ExecutedTests":0,"Stats":{}},"ActiveTests":[{"Id":"41b36c77-6c5a-970a-6022-fff1e4e967f4","FullyQualifiedName":"Petzey.ProfileView.Data.Repository.Tests.ProfileViewRepositoryTests.GetProfileByIdTest","DisplayName":"GetProfileByIdTest","ExecutorUri":"executor://MSTestAdapter/v2","Source":"C:\\Users\\Dell\\source\\repos\\Petzey.ProfileView.API\\Petzey.ProfileView.DataTests\\bin\\Debug\\net6.0\\fine-code-coverage\\build-output\\Petzey.ProfileView.DataTests.dll","CodeFilePath":null,"LineNumber":-1,"Properties":[{"Key":{"Id":"TestCase.ManagedType","Label":"ManagedType","Category":"","Description":"","Attributes":1,"ValueType":"System.String"},"Value":"Petzey.ProfileView.Data.Repository.Tests.ProfileViewRepositoryTests"},{"Key":{"Id":"TestCase.ManagedMethod","Label":"ManagedMethod","Category":"","Description":"","Attributes":1,"ValueType":"System.String"},"Value":"GetProfileByIdTest"},{"Key":{"Id":"MSTestDiscoverer.TestClassName","Label":"ClassName","Category":"","Description":"","Attributes":1,"ValueType":"System.String"},"Value":"Petzey.ProfileView.Data.Repository.Tests.ProfileViewRepositoryTests"},{"Key":{"Id":"TestCase.Hierarchy","Label":"Hierarchy","Category":"","Description":"","Attributes":2,"ValueType":"System.String[]"},"Value":["Petzey.ProfileView.Data.Repository.Tests","ProfileViewRepositoryTests"]},{"Key":{"Id":"TestObject.Traits","Label":"Traits","Category":"","Description":"","Attributes":5,"ValueType":"System.Collections.Generic.KeyValuePair`2[[System.String],[System.String]][]"},"Value":[]}]}]}}
TpTrace Verbose: 0 : 15528, 11, 2023/01/02, 15:18:01.643, 201732086922, vstest.console.dll, TestRunRequest:SendTestRunStatsChange: Starting.
TpTrace Verbose: 0 : 15528, 11, 2023/01/02, 15:18:01.644, 201732092521, vstest.console.dll, InProgress is GetProfileByIdTest
TpTrace Verbose: 0 : 15528, 11, 2023/01/02, 15:18:01.644, 201732098438, vstest.console.dll, MulticastDelegateUtilities.SafeInvoke: TestRun.RunStatsChanged: Invoking callbacks was skipped because there are no subscribers.
TpTrace Information: 0 : 15528, 11, 2023/01/02, 15:18:01.644, 201732099384, vstest.console.dll, TestRunRequest:SendTestRunStatsChange: Completed.
TpTrace Verbose: 0 : 15528, 11, 2023/01/02, 15:18:01.645, 201732101682, vstest.console.dll, MulticastDelegateUtilities.SafeInvoke: LengthPrefixCommunicationChannel: MessageReceived: Invoking callback 1/1 for Microsoft.VisualStudio.TestPlatform.CommunicationUtilities.TestRequestSender+<>c__DisplayClass31_0., took 102 ms.
TpTrace Verbose: 0 : 15528, 11, 2023/01/02, 15:18:01.645, 201732102653, vstest.console.dll, TcpClientExtensions.MessageLoopAsync: Polling on remoteEndPoint: 127.0.0.1:58546 localEndPoint: 127.0.0.1:58545
TpTrace Verbose: 0 : 15528, 11, 2023/01/02, 15:18:02.658, 201742234603, vstest.console.dll, TcpClientExtensions.MessageLoopAsync: Polling on remoteEndPoint: 127.0.0.1:58546 localEndPoint: 127.0.0.1:58545
TpTrace Verbose: 0 : 15528, 11, 2023/01/02, 15:18:03.661, 201752270585, vstest.console.dll, TcpClientExtensions.MessageLoopAsync: Polling on remoteEndPoint: 127.0.0.1:58546 localEndPoint: 127.0.0.1:58545
TpTrace Verbose: 0 : 15528, 11, 2023/01/02, 15:18:04.676, 201762412751, vstest.console.dll, TcpClientExtensions.MessageLoopAsync: Polling on remoteEndPoint: 127.0.0.1:58546 localEndPoint: 127.0.0.1:58545
TpTrace Verbose: 0 : 15528, 11, 2023/01/02, 15:18:05.692, 201772572571, vstest.console.dll, TcpClientExtensions.MessageLoopAsync: Polling on remoteEndPoint: 127.0.0.1:58546 localEndPoint: 127.0.0.1:58545
TpTrace Verbose: 0 : 15528, 11, 2023/01/02, 15:18:06.700, 201782651317, vstest.console.dll, TcpClientExtensions.MessageLoopAsync: Polling on remoteEndPoint: 127.0.0.1:58546 localEndPoint: 127.0.0.1:58545
TpTrace Verbose: 0 : 15528, 11, 2023/01/02, 15:18:07.714, 201792798034, vstest.console.dll, TcpClientExtensions.MessageLoopAsync: Polling on remoteEndPoint: 127.0.0.1:58546 localEndPoint: 127.0.0.1:58545
TpTrace Verbose: 0 : 15528, 11, 2023/01/02, 15:18:08.721, 201802862420, vstest.console.dll, TcpClientExtensions.MessageLoopAsync: Polling on remoteEndPoint: 127.0.0.1:58546 localEndPoint: 127.0.0.1:58545
TpTrace Verbose: 0 : 15528, 11, 2023/01/02, 15:18:09.729, 201812948074, vstest.console.dll, TcpClientExtensions.MessageLoopAsync: Polling on remoteEndPoint: 127.0.0.1:58546 localEndPoint: 127.0.0.1:58545
TpTrace Verbose: 0 : 15528, 11, 2023/01/02, 15:18:10.734, 201822998010, vstest.console.dll, TcpClientExtensions.MessageLoopAsync: Polling on remoteEndPoint: 127.0.0.1:58546 localEndPoint: 127.0.0.1:58545
TpTrace Verbose: 0 : 15528, 11, 2023/01/02, 15:18:11.742, 201833072299, vstest.console.dll, TcpClientExtensions.MessageLoopAsync: Polling on remoteEndPoint: 127.0.0.1:58546 localEndPoint: 127.0.0.1:58545
TpTrace Verbose: 0 : 15528, 11, 2023/01/02, 15:18:12.744, 201843094397, vstest.console.dll, TcpClientExtensions.MessageLoopAsync: Polling on remoteEndPoint: 127.0.0.1:58546 localEndPoint: 127.0.0.1:58545
TpTrace Verbose: 0 : 15528, 11, 2023/01/02, 15:18:13.733, 201852983050, vstest.console.dll, TcpClientExtensions.MessageLoopAsync: NotifyDataAvailable remoteEndPoint: 127.0.0.1:58546 localEndPoint: 127.0.0.1:58545
TpTrace Verbose: 0 : 15528, 11, 2023/01/02, 15:18:13.733, 201852988124, vstest.console.dll, TestRequestSender.OnExecutionMessageReceived: Received message: {"Version":7,"MessageType":"TestExecution.StatsChange","Payload":{"NewTestResults":[{"TestCase":{"Id":"41b36c77-6c5a-970a-6022-fff1e4e967f4","FullyQualifiedName":"Petzey.ProfileView.Data.Repository.Tests.ProfileViewRepositoryTests.GetProfileByIdTest","DisplayName":"GetProfileByIdTest","ExecutorUri":"executor://MSTestAdapter/v2","Source":"C:\\Users\\Dell\\source\\repos\\Petzey.ProfileView.API\\Petzey.ProfileView.DataTests\\bin\\Debug\\net6.0\\fine-code-coverage\\build-output\\Petzey.ProfileView.DataTests.dll","CodeFilePath":null,"LineNumber":-1,"Properties":[{"Key":{"Id":"TestCase.ManagedType","Label":"ManagedType","Category":"","Description":"","Attributes":1,"ValueType":"System.String"},"Value":"Petzey.ProfileView.Data.Repository.Tests.ProfileViewRepositoryTests"},{"Key":{"Id":"TestCase.ManagedMethod","Label":"ManagedMethod","Category":"","Description":"","Attributes":1,"ValueType":"System.String"},"Value":"GetProfileByIdTest"},{"Key":{"Id":"MSTestDiscoverer.TestClassName","Label":"ClassName","Category":"","Description":"","Attributes":1,"ValueType":"System.String"},"Value":"Petzey.ProfileView.Data.Repository.Tests.ProfileViewRepositoryTests"},{"Key":{"Id":"TestCase.Hierarchy","Label":"Hierarchy","Category":"","Description":"","Attributes":2,"ValueType":"System.String[]"},"Value":["Petzey.ProfileView.Data.Repository.Tests","ProfileViewRepositoryTests"]},{"Key":{"Id":"TestObject.Traits","Label":"Traits","Category":"","Description":"","Attributes":5,"ValueType":"System.Collections.Generic.KeyValuePair`2[[System.String],[System.String]][]"},"Value":[]}]},"Attachments":[],"Outcome":1,"ErrorMessage":null,"ErrorStackTrace":null,"DisplayName":"GetProfileByIdTest","Messages":[],"ComputerName":null,"Duration":"00:00:11.9846715","StartTime":"2023-01-02T15:18:01.6082332+05:30","EndTime":"2023-01-02T15:18:13.635745+05:30","Properties":[{"Key":{"Id":"ExecutionId","Label":"ExecutionId","Category":"","Description":"","Attributes":1,"ValueType":"System.Guid"},"Value":"00000000-0000-0000-0000-000000000000"},{"Key":{"Id":"ParentExecId","Label":"ParentExecId","Category":"","Description":"","Attributes":1,"ValueType":"System.Guid"},"Value":"00000000-0000-0000-0000-000000000000"},{"Key":{"Id":"InnerResultsCount","Label":"InnerResultsCount","Category":"","Description":"","Attributes":1,"ValueType":"System.Int32"},"Value":0}]}],"TestRunStatistics":{"ExecutedTests":1,"Stats":{"Passed":1}},"ActiveTests":[{"Id":"c86cee88-9dad-fe06-92e6-fae43f53440c","FullyQualifiedName":"Petzey.ProfileView.Data.Repository.Tests.ProfileViewRepositoryTests.GetProfileView","DisplayName":"GetProfileView","ExecutorUri":"executor://MSTestAdapter/v2","Source":"C:\\Users\\Dell\\source\\repos\\Petzey.ProfileView.API\\Petzey.ProfileView.DataTests\\bin\\Debug\\net6.0\\fine-code-coverage\\build-output\\Petzey.ProfileView.DataTests.dll","CodeFilePath":null,"LineNumber":-1,"Properties":[{"Key":{"Id":"TestCase.ManagedType","Label":"ManagedType","Category":"","Description":"","Attributes":1,"ValueType":"System.String"},"Value":"Petzey.ProfileView.Data.Repository.Tests.ProfileViewRepositoryTests"},{"Key":{"Id":"TestCase.ManagedMethod","Label":"ManagedMethod","Category":"","Description":"","Attributes":1,"ValueType":"System.String"},"Value":"GetProfileView"},{"Key":{"Id":"MSTestDiscoverer.TestClassName","Label":"ClassName","Category":"","Description":"","Attributes":1,"ValueType":"System.String"},"Value":"Petzey.ProfileView.Data.Repository.Tests.ProfileViewRepositoryTests"},{"Key":{"Id":"TestCase.Hierarchy","Label":"Hierarchy","Category":"","Description":"","Attributes":2,"ValueType":"System.String[]"},"Value":["Petzey.ProfileView.Data.Repository.Tests","ProfileViewRepositoryTests"]},{"Key":{"Id":"TestObject.Traits","Label":"Traits","Category":"","Description":"","Attributes":5,"ValueType":"System.Collections.Generic.KeyValuePair`2[[System.String],[System.String]][]"},"Value":[]}]}]}}
TpTrace Verbose: 0 : 15528, 11, 2023/01/02, 15:18:13.927, 201854928260, vstest.console.dll, TestRunRequest:SendTestRunStatsChange: Starting.
TpTrace Verbose: 0 : 15528, 11, 2023/01/02, 15:18:13.927, 201854929755, vstest.console.dll, InProgress is GetProfileView
TpTrace Verbose: 0 : 15528, 11, 2023/01/02, 15:18:13.928, 201854936989, vstest.console.dll, MulticastDelegateUtilities.SafeInvoke: TestRun.RunStatsChanged: Invoking callbacks was skipped because there are no subscribers.
TpTrace Information: 0 : 15528, 11, 2023/01/02, 15:18:13.928, 201854937767, vstest.console.dll, TestRunRequest:SendTestRunStatsChange: Completed.
TpTrace Verbose: 0 : 15528, 11, 2023/01/02, 15:18:13.928, 201854938418, vstest.console.dll, MulticastDelegateUtilities.SafeInvoke: LengthPrefixCommunicationChannel: MessageReceived: Invoking callback 1/1 for Microsoft.VisualStudio.TestPlatform.CommunicationUtilities.TestRequestSender+<>c__DisplayClass31_0., took 195 ms.
TpTrace Verbose: 0 : 15528, 11, 2023/01/02, 15:18:13.928, 201854938985, vstest.console.dll, TcpClientExtensions.MessageLoopAsync: Polling on remoteEndPoint: 127.0.0.1:58546 localEndPoint: 127.0.0.1:58545
TpTrace Verbose: 0 : 15528, 4, 2023/01/02, 15:18:13.935, 201855008968, vstest.console.dll, MulticastDelegateUtilities.SafeInvoke: InternalTestLoggerEvents.SendTestResult: Invoking callback 1/1 for Microsoft.VisualStudio.TestPlatform.CommandLine.Internal.ConsoleLogger., took 7 ms.
TpTrace Verbose: 0 : 15528, 11, 2023/01/02, 15:18:14.030, 201855954757, vstest.console.dll, TcpClientExtensions.MessageLoopAsync: NotifyDataAvailable remoteEndPoint: 127.0.0.1:58546 localEndPoint: 127.0.0.1:58545
TpTrace Verbose: 0 : 15528, 11, 2023/01/02, 15:18:14.030, 201855960337, vstest.console.dll, TestRequestSender.OnExecutionMessageReceived: Received message: {"Version":7,"MessageType":"TestExecution.Completed","Payload":{"TestRunCompleteArgs":{"TestRunStatistics":{"ExecutedTests":2,"Stats":{"Passed":2}},"IsCanceled":false,"IsAborted":false,"Error":null,"AttachmentSets":[],"InvokedDataCollectors":[],"ElapsedTimeInRunningTests":"00:00:13.7013479","Metrics":{},"DiscoveredExtensions":{"TestDiscoverers":["Microsoft.VisualStudio.TestPlatform.MSTest.TestAdapter.MSTestDiscoverer, Microsoft.VisualStudio.TestPlatform.MSTest.TestAdapter, Version=14.0.0.0, Culture=neutral, PublicKeyToken=b03f5f7f11d50a3a"],"TestExecutors":["executor://MSTestAdapter/v2"],"TestExecutors2":[],"TestSettingsProviders":[]}},"LastRunTests":{"NewTestResults":[{"TestCase":{"Id":"c86cee88-9dad-fe06-92e6-fae43f53440c","FullyQualifiedName":"Petzey.ProfileView.Data.Repository.Tests.ProfileViewRepositoryTests.GetProfileView","DisplayName":"GetProfileView","ExecutorUri":"executor://MSTestAdapter/v2","Source":"C:\\Users\\Dell\\source\\repos\\Petzey.ProfileView.API\\Petzey.ProfileView.DataTests\\bin\\Debug\\net6.0\\fine-code-coverage\\build-output\\Petzey.ProfileView.DataTests.dll","CodeFilePath":null,"LineNumber":-1,"Properties":[{"Key":{"Id":"TestCase.ManagedType","Label":"ManagedType","Category":"","Description":"","Attributes":1,"ValueType":"System.String"},"Value":"Petzey.ProfileView.Data.Repository.Tests.ProfileViewRepositoryTests"},{"Key":{"Id":"TestCase.ManagedMethod","Label":"ManagedMethod","Category":"","Description":"","Attributes":1,"ValueType":"System.String"},"Value":"GetProfileView"},{"Key":{"Id":"MSTestDiscoverer.TestClassName","Label":"ClassName","Category":"","Description":"","Attributes":1,"ValueType":"System.String"},"Value":"Petzey.ProfileView.Data.Repository.Tests.ProfileViewRepositoryTests"},{"Key":{"Id":"TestCase.Hierarchy","Label":"Hierarchy","Category":"","Description":"","Attributes":2,"ValueType":"System.String[]"},"Value":["Petzey.ProfileView.Data.Repository.Tests","ProfileViewRepositoryTests"]},{"Key":{"Id":"TestObject.Traits","Label":"Traits","Category":"","Description":"","Attributes":5,"ValueType":"System.Collections.Generic.KeyValuePair`2[[System.String],[System.String]][]"},"Value":[]}]},"Attachments":[],"Outcome":1,"ErrorMessage":null,"ErrorStackTrace":null,"DisplayName":"GetProfileView","Messages":[],"ComputerName":null,"Duration":"00:00:00.2631565","StartTime":"2023-01-02T15:18:13.736153+05:30","EndTime":"2023-01-02T15:18:14.000208+05:30","Properties":[{"Key":{"Id":"ExecutionId","Label":"ExecutionId","Category":"","Description":"","Attributes":1,"ValueType":"System.Guid"},"Value":"00000000-0000-0000-0000-000000000000"},{"Key":{"Id":"ParentExecId","Label":"ParentExecId","Category":"","Description":"","Attributes":1,"ValueType":"System.Guid"},"Value":"00000000-0000-0000-0000-000000000000"},{"Key":{"Id":"InnerResultsCount","Label":"InnerResultsCount","Category":"","Description":"","Attributes":1,"ValueType":"System.Int32"},"Value":0}]}],"TestRunStatistics":{"ExecutedTests":2,"Stats":{"Passed":2}},"ActiveTests":[]},"RunAttachments":[],"ExecutorUris":["executor://mstestadapter/v2"]}}
TpTrace Verbose: 0 : 15528, 11, 2023/01/02, 15:18:14.031, 201855962622, vstest.console.dll, TestRequestSender.EndSession: Sending end session.
TpTrace Verbose: 0 : 15528, 11, 2023/01/02, 15:18:14.031, 201855964689, vstest.console.dll, ProxyOperationManager.Close: waiting for test host to exit for 100 ms
TpTrace Warning: 0 : 15528, 11, 2023/01/02, 15:18:14.173, 201857388888, vstest.console.dll, ProxyOperationManager: Timed out waiting for test host to exit. Will terminate process.
TpTrace Information: 0 : 15528, 11, 2023/01/02, 15:18:14.174, 201857392778, vstest.console.dll, SocketServer.Stop: Stop server endPoint: 127.0.0.1:58545
TpTrace Information: 0 : 15528, 11, 2023/01/02, 15:18:14.174, 201857393656, vstest.console.dll, SocketServer.Stop: Cancellation requested. Stopping message loop.
TpTrace Information: 0 : 15528, 11, 2023/01/02, 15:18:14.174, 201857397126, vstest.console.dll, Closing the connection
TpTrace Verbose: 0 : 15528, 11, 2023/01/02, 15:18:14.176, 201857413389, vstest.console.dll, ProxyDataCollectionManager.InvokeDataCollectionServiceAction: Starting.
TpTrace Information: 0 : 15528, 11, 2023/01/02, 15:18:14.176, 201857414582, vstest.console.dll, ProxyDataCollectionManager.AfterTestRunEnd: Get attachment set and invoked data collectors processId: 23120 port: 58540
TpTrace Verbose: 0 : 15528, 11, 2023/01/02, 15:18:14.176, 201857415384, vstest.console.dll, DataCollectionRequestSender.SendAfterTestRunStartAndGetResult: Send AfterTestRunEnd message with isCancelled: False
TpTrace Verbose: 0 : 15528, 11, 2023/01/02, 15:18:14.290, 201858558440, vstest.console.dll, DataCollectionRequestSender.SendAfterTestRunStartAndGetResult: Received message: (DataCollection.AfterTestRunEndResult) -> {"MessageType":"DataCollection.AfterTestRunEndResult","Payload":{"AttachmentSets":[],"InvokedDataCollectors":[{"Uri":"datacollector://Microsoft/TestPlatform/Extensions/Blame/v1","FriendlyName":"Blame","AssemblyQualifiedName":"Microsoft.TestPlatform.Extensions.BlameDataCollector.BlameCollector, Microsoft.TestPlatform.Extensions.BlameDataCollector, Version=15.0.0.0, Culture=neutral, PublicKeyToken=b03f5f7f11d50a3a","FilePath":"C:\\Program Files\\dotnet\\sdk\\7.0.101\\Extensions\\Microsoft.TestPlatform.Extensions.BlameDataCollector.dll","HasAttachmentProcessor":false}],"Metrics":{}}}
TpTrace Information: 0 : 15528, 11, 2023/01/02, 15:18:14.300, 201858655155, vstest.console.dll, ProxyDataCollectionManager.InvokeDataCollectionServiceAction: Completed.
TpTrace Warning: 0 : 15528, 9, 2023/01/02, 15:18:14.626, 201861919414, vstest.console.dll, DataCollectionLauncher.ErrorReceivedCallback datacollector standard error line: 
TpTrace Information: 0 : 15528, 10, 2023/01/02, 15:18:14.628, 201861934719, vstest.console.dll, DataCollectionLauncher.ExitCallBack: Data collector exited with exitcode: 0 error: ''
TpTrace Verbose: 0 : 15528, 11, 2023/01/02, 15:18:15.027, 201865925665, vstest.console.dll, TestRunRequest:SendTestRunStatsChange: Starting.
TpTrace Verbose: 0 : 15528, 11, 2023/01/02, 15:18:15.027, 201865927428, vstest.console.dll, MulticastDelegateUtilities.SafeInvoke: TestRun.RunStatsChanged: Invoking callbacks was skipped because there are no subscribers.
TpTrace Information: 0 : 15528, 11, 2023/01/02, 15:18:15.027, 201865928194, vstest.console.dll, TestRunRequest:SendTestRunStatsChange: Completed.
TpTrace Verbose: 0 : 15528, 4, 2023/01/02, 15:18:15.027, 201865929225, vstest.console.dll, MulticastDelegateUtilities.SafeInvoke: InternalTestLoggerEvents.SendTestResult: Invoking callback 1/1 for Microsoft.VisualStudio.TestPlatform.CommandLine.Internal.ConsoleLogger., took 0 ms.
TpTrace Verbose: 0 : 15528, 11, 2023/01/02, 15:18:15.029, 201865949895, vstest.console.dll, ParallelProxyExecutionManager: HandlePartialRunComplete: Total completed clients = 1, Run complete = True, Run canceled: False.
TpTrace Verbose: 0 : 15528, 4, 2023/01/02, 15:18:15.177, 201867425324, vstest.console.dll, MulticastDelegateUtilities.SafeInvoke: InternalTestLoggerEvents.SendTestRunComplete: Invoking callback 1/2 for Microsoft.TestPlatform.Extensions.BlameDataCollector.BlameLogger., took 0 ms.
TpTrace Verbose: 0 : 15528, 4, 2023/01/02, 15:18:15.690, 201872554445, vstest.console.dll, MulticastDelegateUtilities.SafeInvoke: InternalTestLoggerEvents.SendTestRunComplete: Invoking callback 2/2 for Microsoft.VisualStudio.TestPlatform.CommandLine.Internal.ConsoleLogger., took 512 ms.
TpTrace Verbose: 0 : 15528, 11, 2023/01/02, 15:18:15.690, 201872560561, vstest.console.dll, TestRunRequest:TestRunComplete: Starting. IsAborted:False IsCanceled:False.
TpTrace Verbose: 0 : 15528, 11, 2023/01/02, 15:18:15.785, 201873510946, vstest.console.dll, TestLoggerManager.HandleTestRunComplete: Ignoring as the object is disposed.
TpTrace Verbose: 0 : 15528, 11, 2023/01/02, 15:18:15.786, 201873516064, vstest.console.dll, MulticastDelegateUtilities.SafeInvoke: TestRun.TestRunComplete: Invoking callback 1/2 for Microsoft.VisualStudio.TestPlatform.CommandLine.TestRunResultAggregator., took 0 ms.
TpTrace Verbose: 0 : 15528, 11, 2023/01/02, 15:18:15.786, 201873519791, vstest.console.dll, MulticastDelegateUtilities.SafeInvoke: TestRun.TestRunComplete: Invoking callback 2/2 for Microsoft.VisualStudio.TestPlatform.CommandLine.Processors.RunTestsArgumentExecutor+TestRunRequestEventsRegistrar., took 0 ms.
TpTrace Information: 0 : 15528, 11, 2023/01/02, 15:18:15.787, 201873521402, vstest.console.dll, TestRunRequest:TestRunComplete: Completed.
TpTrace Verbose: 0 : 15528, 11, 2023/01/02, 15:18:15.787, 201873522143, vstest.console.dll, TestRequestSender.SetOperationComplete: Setting operation complete.
TpTrace Verbose: 0 : 15528, 1, 2023/01/02, 15:18:15.787, 201873522698, vstest.console.dll, TestRunRequest.Dispose: Starting.
TpTrace Information: 0 : 15528, 1, 2023/01/02, 15:18:15.787, 201873523532, vstest.console.dll, TestRunRequest.Dispose: Completed.
TpTrace Information: 0 : 15528, 1, 2023/01/02, 15:18:15.787, 201873524225, vstest.console.dll, TestRequestManager.RunTests: run tests completed.
TpTrace Information: 0 : 15528, 1, 2023/01/02, 15:18:15.787, 201873527082, vstest.console.dll, RunTestsArgumentProcessor:Execute: Test run is completed.
TpTrace Information: 0 : 15528, 11, 2023/01/02, 15:18:15.787, 201873528260, vstest.console.dll, SocketServer.Stop: Stop server endPoint: 127.0.0.1:58545
TpTrace Information: 0 : 15528, 11, 2023/01/02, 15:18:15.787, 201873528842, vstest.console.dll, SocketServer.Stop: Cancellation requested. Stopping message loop.
TpTrace Verbose: 0 : 15528, 11, 2023/01/02, 15:18:15.787, 201873529447, vstest.console.dll, MulticastDelegateUtilities.SafeInvoke: LengthPrefixCommunicationChannel: MessageReceived: Invoking callback 1/1 for Microsoft.VisualStudio.TestPlatform.CommunicationUtilities.TestRequestSender+<>c__DisplayClass31_0., took 1757 ms.
TpTrace Verbose: 0 : 15528, 1, 2023/01/02, 15:18:15.787, 201873530011, vstest.console.dll, Executor.Execute: Exiting with exit code of 0
TpTrace Information: 0 : 15528, 11, 2023/01/02, 15:18:15.787, 201873530188, vstest.console.dll, SocketServer.PrivateStop: Stopping server endPoint: 127.0.0.1:58545 error: 
TpTrace Verbose: 0 : 15528, 11, 2023/01/02, 15:18:15.788, 201873538341, vstest.console.dll, LengthPrefixCommunicationChannel.Dispose: Dispose reader and writer.
